#
# There is insufficient memory for the Java Runtime Environment to continue.
# Native memory allocation (malloc) failed to allocate 1255600 bytes for Chunk::new
# Possible reasons:
#   The system is out of physical RAM or swap space
#   The process is running with CompressedOops enabled, and the Java Heap may be blocking the growth of the native heap
# Possible solutions:
#   Reduce memory load on the system
#   Increase physical memory or swap space
#   Check if swap backing store is full
#   Decrease Java heap size (-Xmx/-Xms)
#   Decrease number of Java threads
#   Decrease Java thread stack sizes (-Xss)
#   Set larger code cache with -XX:ReservedCodeCacheSize=
#   JVM is running with Unscaled Compressed Oops mode in which the Java heap is
#     placed in the first 4GB address space. The Java Heap base address is the
#     maximum limit for the native heap growth. Please use -XX:HeapBaseMinAddress
#     to set the Java Heap base and to place the Java Heap above 4GB virtual address.
# This output file may be truncated or incomplete.
#
#  Out of Memory Error (arena.cpp:189), pid=208, tid=3808
#
# JRE version: OpenJDK Runtime Environment Temurin-17.0.5+8 (17.0.5+8) (build 17.0.5+8)
# Java VM: OpenJDK 64-Bit Server VM Temurin-17.0.5+8 (17.0.5+8, mixed mode, tiered, compressed oops, compressed class ptrs, g1 gc, windows-amd64)
# No core dump will be written. Minidumps are not enabled by default on client versions of Windows
#

---------------  S U M M A R Y ------------

Command Line: -Dfile.encoding=UTF-8 -XX:+ShowCodeDetailsInExceptionMessages es.pildoras.conexionHibernate.InsertaPedido

Host: Intel(R) Celeron(R) CPU  N2806  @ 1.60GHz, 2 cores, 3G,  Windows 10 , 64 bit Build 19041 (10.0.19041.928)
Time: Sat Jan 28 17:06:12 2023 Hora estándar de Argentina elapsed time: 4.741098 seconds (0d 0h 0m 4s)

---------------  T H R E A D  ---------------

Current thread (0x000002971df86c90):  JavaThread "C2 CompilerThread0" daemon [_thread_in_native, id=3808, stack(0x0000009f65700000,0x0000009f65800000)]


Current CompileTask:
C2:   4741 1023       4       jdk.internal.org.objectweb.asm.Frame::execute (2305 bytes)

Stack: [0x0000009f65700000,0x0000009f65800000]
Native frames: (J=compiled Java code, j=interpreted, Vv=VM code, C=native code)
V  [jvm.dll+0x676b3a]
V  [jvm.dll+0x831444]
V  [jvm.dll+0x832bee]
V  [jvm.dll+0x833253]
V  [jvm.dll+0x244ce5]
V  [jvm.dll+0xabbac]
V  [jvm.dll+0xac17c]
V  [jvm.dll+0x362d57]
V  [jvm.dll+0x1bb498]
V  [jvm.dll+0x217ca9]
V  [jvm.dll+0x216f71]
V  [jvm.dll+0x1a343d]
V  [jvm.dll+0x22698a]
V  [jvm.dll+0x224ac5]
V  [jvm.dll+0x7e727b]
V  [jvm.dll+0x7e17ea]
V  [jvm.dll+0x6759e5]
C  [ucrtbase.dll+0x21bb2]
C  [KERNEL32.DLL+0x17034]
C  [ntdll.dll+0x52651]


---------------  P R O C E S S  ---------------

Threads class SMR info:
_java_thread_list=0x000002971ea101c0, length=12, elements={
0x00000297073dbe00, 0x000002971df3bba0, 0x000002971df3d6b0, 0x000002971df82280,
0x000002971df84c50, 0x000002971df85600, 0x000002971df85fb0, 0x000002971df86c90,
0x000002971dfd9dd0, 0x000002971e938f90, 0x000002971ea341c0, 0x000002971ea52010
}

Java Threads: ( => current thread )
  0x00000297073dbe00 JavaThread "main" [_thread_in_vm, id=6116, stack(0x0000009f64a00000,0x0000009f64b00000)]
  0x000002971df3bba0 JavaThread "Reference Handler" daemon [_thread_blocked, id=5864, stack(0x0000009f65100000,0x0000009f65200000)]
  0x000002971df3d6b0 JavaThread "Finalizer" daemon [_thread_blocked, id=744, stack(0x0000009f65200000,0x0000009f65300000)]
  0x000002971df82280 JavaThread "Signal Dispatcher" daemon [_thread_blocked, id=2156, stack(0x0000009f65300000,0x0000009f65400000)]
  0x000002971df84c50 JavaThread "Attach Listener" daemon [_thread_blocked, id=4664, stack(0x0000009f65400000,0x0000009f65500000)]
  0x000002971df85600 JavaThread "Service Thread" daemon [_thread_blocked, id=4740, stack(0x0000009f65500000,0x0000009f65600000)]
  0x000002971df85fb0 JavaThread "Monitor Deflation Thread" daemon [_thread_blocked, id=1328, stack(0x0000009f65600000,0x0000009f65700000)]
=>0x000002971df86c90 JavaThread "C2 CompilerThread0" daemon [_thread_in_native, id=3808, stack(0x0000009f65700000,0x0000009f65800000)]
  0x000002971dfd9dd0 JavaThread "C1 CompilerThread0" daemon [_thread_blocked, id=4752, stack(0x0000009f65800000,0x0000009f65900000)]
  0x000002971e938f90 JavaThread "Sweeper thread" daemon [_thread_blocked, id=2508, stack(0x0000009f65900000,0x0000009f65a00000)]
  0x000002971ea341c0 JavaThread "Notification Thread" daemon [_thread_blocked, id=5260, stack(0x0000009f65a00000,0x0000009f65b00000)]
  0x000002971ea52010 JavaThread "Common-Cleaner" daemon [_thread_blocked, id=632, stack(0x0000009f65c00000,0x0000009f65d00000)]

Other Threads:
  0x000002970749d4f0 VMThread "VM Thread" [stack: 0x0000009f65000000,0x0000009f65100000] [id=5600]
  0x000002971ea36ab0 WatcherThread [stack: 0x0000009f65b00000,0x0000009f65c00000] [id=5664]
  0x0000029707417820 GCTaskThread "GC Thread#0" [stack: 0x0000009f64b00000,0x0000009f64c00000] [id=5968]
  0x000002971ee24b20 GCTaskThread "GC Thread#1" [stack: 0x0000009f65d00000,0x0000009f65e00000] [id=3020]
  0x00000297074203a0 ConcurrentGCThread "G1 Main Marker" [stack: 0x0000009f64c00000,0x0000009f64d00000] [id=4112]
  0x0000029707421690 ConcurrentGCThread "G1 Conc#0" [stack: 0x0000009f64d00000,0x0000009f64e00000] [id=4828]
  0x00000297074663b0 ConcurrentGCThread "G1 Refine#0" [stack: 0x0000009f64e00000,0x0000009f64f00000] [id=3964]
  0x00000297074676b0 ConcurrentGCThread "G1 Service" [stack: 0x0000009f64f00000,0x0000009f65000000] [id=5428]

Threads with active compile tasks:
C2 CompilerThread0     4890 1023       4       jdk.internal.org.objectweb.asm.Frame::execute (2305 bytes)

VM state: not at safepoint (normal execution)

VM Mutex/Monitor currently owned by a thread: None

Heap address: 0x00000000c1e00000, size: 994 MB, Compressed Oops mode: 32-bit

CDS archive(s) not mapped
Compressed class space mapped at: 0x0000000100000000-0x0000000140000000, reserved size: 1073741824
Narrow klass base: 0x0000000000000000, Narrow klass shift: 3, Narrow klass range: 0x140000000

GC Precious Log:
 CPUs: 2 total, 2 available
 Memory: 3973M
 Large Page Support: Disabled
 NUMA Support: Disabled
 Compressed Oops: Enabled (32-bit)
 Heap Region Size: 1M
 Heap Min Capacity: 8M
 Heap Initial Capacity: 64M
 Heap Max Capacity: 994M
 Pre-touch: Disabled
 Parallel Workers: 2
 Concurrent Workers: 1
 Concurrent Refinement Workers: 2
 Periodic GC: Disabled

Heap:
 garbage-first heap   total 65536K, used 12830K [0x00000000c1e00000, 0x0000000100000000)
  region size 1024K, 11 young (11264K), 2 survivors (2048K)
 Metaspace       used 18661K, committed 18816K, reserved 1073152K
  class space    used 2047K, committed 2112K, reserved 1048576K

Heap Regions: E=young(eden), S=young(survivor), O=old, HS=humongous(starts), HC=humongous(continues), CS=collection set, F=free, OA=open archive, CA=closed archive, TAMS=top-at-mark-start (previous, next)
|   0|0x00000000c1e00000, 0x00000000c1f00000, 0x00000000c1f00000|100%|HS|  |TAMS 0x00000000c1e00000, 0x00000000c1e00000| Complete 
|   1|0x00000000c1f00000, 0x00000000c2000000, 0x00000000c2000000|100%| O|  |TAMS 0x00000000c1f00000, 0x00000000c1f00000| Untracked 
|   2|0x00000000c2000000, 0x00000000c2100000, 0x00000000c2100000|100%| O|  |TAMS 0x00000000c2000000, 0x00000000c2000000| Untracked 
|   3|0x00000000c2100000, 0x00000000c2100000, 0x00000000c2200000|  0%| F|  |TAMS 0x00000000c2100000, 0x00000000c2100000| Untracked 
|   4|0x00000000c2200000, 0x00000000c2200000, 0x00000000c2300000|  0%| F|  |TAMS 0x00000000c2200000, 0x00000000c2200000| Untracked 
|   5|0x00000000c2300000, 0x00000000c2300000, 0x00000000c2400000|  0%| F|  |TAMS 0x00000000c2300000, 0x00000000c2300000| Untracked 
|   6|0x00000000c2400000, 0x00000000c2400000, 0x00000000c2500000|  0%| F|  |TAMS 0x00000000c2400000, 0x00000000c2400000| Untracked 
|   7|0x00000000c2500000, 0x00000000c2500000, 0x00000000c2600000|  0%| F|  |TAMS 0x00000000c2500000, 0x00000000c2500000| Untracked 
|   8|0x00000000c2600000, 0x00000000c2600000, 0x00000000c2700000|  0%| F|  |TAMS 0x00000000c2600000, 0x00000000c2600000| Untracked 
|   9|0x00000000c2700000, 0x00000000c2700000, 0x00000000c2800000|  0%| F|  |TAMS 0x00000000c2700000, 0x00000000c2700000| Untracked 
|  10|0x00000000c2800000, 0x00000000c2800000, 0x00000000c2900000|  0%| F|  |TAMS 0x00000000c2800000, 0x00000000c2800000| Untracked 
|  11|0x00000000c2900000, 0x00000000c2900000, 0x00000000c2a00000|  0%| F|  |TAMS 0x00000000c2900000, 0x00000000c2900000| Untracked 
|  12|0x00000000c2a00000, 0x00000000c2a00000, 0x00000000c2b00000|  0%| F|  |TAMS 0x00000000c2a00000, 0x00000000c2a00000| Untracked 
|  13|0x00000000c2b00000, 0x00000000c2b00000, 0x00000000c2c00000|  0%| F|  |TAMS 0x00000000c2b00000, 0x00000000c2b00000| Untracked 
|  14|0x00000000c2c00000, 0x00000000c2c00000, 0x00000000c2d00000|  0%| F|  |TAMS 0x00000000c2c00000, 0x00000000c2c00000| Untracked 
|  15|0x00000000c2d00000, 0x00000000c2d00000, 0x00000000c2e00000|  0%| F|  |TAMS 0x00000000c2d00000, 0x00000000c2d00000| Untracked 
|  16|0x00000000c2e00000, 0x00000000c2e00000, 0x00000000c2f00000|  0%| F|  |TAMS 0x00000000c2e00000, 0x00000000c2e00000| Untracked 
|  17|0x00000000c2f00000, 0x00000000c2f00000, 0x00000000c3000000|  0%| F|  |TAMS 0x00000000c2f00000, 0x00000000c2f00000| Untracked 
|  18|0x00000000c3000000, 0x00000000c3000000, 0x00000000c3100000|  0%| F|  |TAMS 0x00000000c3000000, 0x00000000c3000000| Untracked 
|  19|0x00000000c3100000, 0x00000000c3100000, 0x00000000c3200000|  0%| F|  |TAMS 0x00000000c3100000, 0x00000000c3100000| Untracked 
|  20|0x00000000c3200000, 0x00000000c3200000, 0x00000000c3300000|  0%| F|  |TAMS 0x00000000c3200000, 0x00000000c3200000| Untracked 
|  21|0x00000000c3300000, 0x00000000c3300000, 0x00000000c3400000|  0%| F|  |TAMS 0x00000000c3300000, 0x00000000c3300000| Untracked 
|  22|0x00000000c3400000, 0x00000000c3400000, 0x00000000c3500000|  0%| F|  |TAMS 0x00000000c3400000, 0x00000000c3400000| Untracked 
|  23|0x00000000c3500000, 0x00000000c3500000, 0x00000000c3600000|  0%| F|  |TAMS 0x00000000c3500000, 0x00000000c3500000| Untracked 
|  24|0x00000000c3600000, 0x00000000c3600000, 0x00000000c3700000|  0%| F|  |TAMS 0x00000000c3600000, 0x00000000c3600000| Untracked 
|  25|0x00000000c3700000, 0x00000000c3700000, 0x00000000c3800000|  0%| F|  |TAMS 0x00000000c3700000, 0x00000000c3700000| Untracked 
|  26|0x00000000c3800000, 0x00000000c3800000, 0x00000000c3900000|  0%| F|  |TAMS 0x00000000c3800000, 0x00000000c3800000| Untracked 
|  27|0x00000000c3900000, 0x00000000c3900000, 0x00000000c3a00000|  0%| F|  |TAMS 0x00000000c3900000, 0x00000000c3900000| Untracked 
|  28|0x00000000c3a00000, 0x00000000c3a00000, 0x00000000c3b00000|  0%| F|  |TAMS 0x00000000c3a00000, 0x00000000c3a00000| Untracked 
|  29|0x00000000c3b00000, 0x00000000c3b00000, 0x00000000c3c00000|  0%| F|  |TAMS 0x00000000c3b00000, 0x00000000c3b00000| Untracked 
|  30|0x00000000c3c00000, 0x00000000c3c00000, 0x00000000c3d00000|  0%| F|  |TAMS 0x00000000c3c00000, 0x00000000c3c00000| Untracked 
|  31|0x00000000c3d00000, 0x00000000c3d00000, 0x00000000c3e00000|  0%| F|  |TAMS 0x00000000c3d00000, 0x00000000c3d00000| Untracked 
|  32|0x00000000c3e00000, 0x00000000c3e00000, 0x00000000c3f00000|  0%| F|  |TAMS 0x00000000c3e00000, 0x00000000c3e00000| Untracked 
|  33|0x00000000c3f00000, 0x00000000c3f00000, 0x00000000c4000000|  0%| F|  |TAMS 0x00000000c3f00000, 0x00000000c3f00000| Untracked 
|  34|0x00000000c4000000, 0x00000000c4000000, 0x00000000c4100000|  0%| F|  |TAMS 0x00000000c4000000, 0x00000000c4000000| Untracked 
|  35|0x00000000c4100000, 0x00000000c4100000, 0x00000000c4200000|  0%| F|  |TAMS 0x00000000c4100000, 0x00000000c4100000| Untracked 
|  36|0x00000000c4200000, 0x00000000c4200000, 0x00000000c4300000|  0%| F|  |TAMS 0x00000000c4200000, 0x00000000c4200000| Untracked 
|  37|0x00000000c4300000, 0x00000000c4300000, 0x00000000c4400000|  0%| F|  |TAMS 0x00000000c4300000, 0x00000000c4300000| Untracked 
|  38|0x00000000c4400000, 0x00000000c4400000, 0x00000000c4500000|  0%| F|  |TAMS 0x00000000c4400000, 0x00000000c4400000| Untracked 
|  39|0x00000000c4500000, 0x00000000c4500000, 0x00000000c4600000|  0%| F|  |TAMS 0x00000000c4500000, 0x00000000c4500000| Untracked 
|  40|0x00000000c4600000, 0x00000000c4600000, 0x00000000c4700000|  0%| F|  |TAMS 0x00000000c4600000, 0x00000000c4600000| Untracked 
|  41|0x00000000c4700000, 0x00000000c4700000, 0x00000000c4800000|  0%| F|  |TAMS 0x00000000c4700000, 0x00000000c4700000| Untracked 
|  42|0x00000000c4800000, 0x00000000c4800000, 0x00000000c4900000|  0%| F|  |TAMS 0x00000000c4800000, 0x00000000c4800000| Untracked 
|  43|0x00000000c4900000, 0x00000000c4900000, 0x00000000c4a00000|  0%| F|  |TAMS 0x00000000c4900000, 0x00000000c4900000| Untracked 
|  44|0x00000000c4a00000, 0x00000000c4a00000, 0x00000000c4b00000|  0%| F|  |TAMS 0x00000000c4a00000, 0x00000000c4a00000| Untracked 
|  45|0x00000000c4b00000, 0x00000000c4b00000, 0x00000000c4c00000|  0%| F|  |TAMS 0x00000000c4b00000, 0x00000000c4b00000| Untracked 
|  46|0x00000000c4c00000, 0x00000000c4c00000, 0x00000000c4d00000|  0%| F|  |TAMS 0x00000000c4c00000, 0x00000000c4c00000| Untracked 
|  47|0x00000000c4d00000, 0x00000000c4d00000, 0x00000000c4e00000|  0%| F|  |TAMS 0x00000000c4d00000, 0x00000000c4d00000| Untracked 
|  48|0x00000000c4e00000, 0x00000000c4e00000, 0x00000000c4f00000|  0%| F|  |TAMS 0x00000000c4e00000, 0x00000000c4e00000| Untracked 
|  49|0x00000000c4f00000, 0x00000000c4f00000, 0x00000000c5000000|  0%| F|  |TAMS 0x00000000c4f00000, 0x00000000c4f00000| Untracked 
|  50|0x00000000c5000000, 0x00000000c5000000, 0x00000000c5100000|  0%| F|  |TAMS 0x00000000c5000000, 0x00000000c5000000| Untracked 
|  51|0x00000000c5100000, 0x00000000c5100000, 0x00000000c5200000|  0%| F|  |TAMS 0x00000000c5100000, 0x00000000c5100000| Untracked 
|  52|0x00000000c5200000, 0x00000000c5200000, 0x00000000c5300000|  0%| F|  |TAMS 0x00000000c5200000, 0x00000000c5200000| Untracked 
|  53|0x00000000c5300000, 0x00000000c5387ac0, 0x00000000c5400000| 52%| S|CS|TAMS 0x00000000c5300000, 0x00000000c5300000| Complete 
|  54|0x00000000c5400000, 0x00000000c5500000, 0x00000000c5500000|100%| S|CS|TAMS 0x00000000c5400000, 0x00000000c5400000| Complete 
|  55|0x00000000c5500000, 0x00000000c5580800, 0x00000000c5600000| 50%| E|  |TAMS 0x00000000c5500000, 0x00000000c5500000| Complete 
|  56|0x00000000c5600000, 0x00000000c5700000, 0x00000000c5700000|100%| E|CS|TAMS 0x00000000c5600000, 0x00000000c5600000| Complete 
|  57|0x00000000c5700000, 0x00000000c5800000, 0x00000000c5800000|100%| E|CS|TAMS 0x00000000c5700000, 0x00000000c5700000| Complete 
|  58|0x00000000c5800000, 0x00000000c5900000, 0x00000000c5900000|100%| E|CS|TAMS 0x00000000c5800000, 0x00000000c5800000| Complete 
|  59|0x00000000c5900000, 0x00000000c5a00000, 0x00000000c5a00000|100%| E|CS|TAMS 0x00000000c5900000, 0x00000000c5900000| Complete 
|  60|0x00000000c5a00000, 0x00000000c5b00000, 0x00000000c5b00000|100%| E|CS|TAMS 0x00000000c5a00000, 0x00000000c5a00000| Complete 
|  61|0x00000000c5b00000, 0x00000000c5c00000, 0x00000000c5c00000|100%| E|CS|TAMS 0x00000000c5b00000, 0x00000000c5b00000| Complete 
|  62|0x00000000c5c00000, 0x00000000c5d00000, 0x00000000c5d00000|100%| E|CS|TAMS 0x00000000c5c00000, 0x00000000c5c00000| Complete 
|  63|0x00000000c5d00000, 0x00000000c5e00000, 0x00000000c5e00000|100%| E|CS|TAMS 0x00000000c5d00000, 0x00000000c5d00000| Complete 

Card table byte_map: [0x00000297071b0000,0x00000297073b0000] _byte_map_base: 0x0000029706ba1000

Marking Bits (Prev, Next): (CMBitMap*) 0x0000029707417e30, (CMBitMap*) 0x0000029707417e70
 Prev Bits: [0x0000029719ca0000, 0x000002971ac28000)
 Next Bits: [0x000002971ac30000, 0x000002971bbb8000)

Polling page: 0x00000297051d0000

Metaspace:

Usage:
  Non-class:     16.23 MB used.
      Class:      2.00 MB used.
       Both:     18.22 MB used.

Virtual space:
  Non-class space:       24.00 MB reserved,      16.31 MB ( 68%) committed,  3 nodes.
      Class space:        1.00 GB reserved,       2.06 MB ( <1%) committed,  1 nodes.
             Both:        1.02 GB reserved,      18.38 MB (  2%) committed. 

Chunk freelists:
   Non-Class:  3.72 MB
       Class:  1.95 MB
        Both:  5.67 MB

MaxMetaspaceSize: unlimited
CompressedClassSpaceSize: 1.00 GB
Initial GC threshold: 21.00 MB
Current GC threshold: 21.00 MB
CDS: off
MetaspaceReclaimPolicy: balanced
 - commit_granule_bytes: 65536.
 - commit_granule_words: 8192.
 - virtual_space_node_default_size: 1048576.
 - enlarge_chunks_in_place: 1.
 - new_chunks_are_fully_committed: 0.
 - uncommit_free_chunks: 1.
 - use_allocation_guard: 0.
 - handle_deallocations: 1.


Internal statistics:

num_allocs_failed_limit: 0.
num_arena_births: 92.
num_arena_deaths: 0.
num_vsnodes_births: 4.
num_vsnodes_deaths: 0.
num_space_committed: 294.
num_space_uncommitted: 0.
num_chunks_returned_to_freelist: 0.
num_chunks_taken_from_freelist: 343.
num_chunk_merges: 0.
num_chunk_splits: 233.
num_chunks_enlarged: 180.
num_purges: 0.
num_inconsistent_stats: 0.

CodeHeap 'non-profiled nmethods': size=120064Kb used=344Kb max_used=344Kb free=119719Kb
 bounds [0x0000029712560000, 0x00000297127d0000, 0x0000029719aa0000]
CodeHeap 'profiled nmethods': size=120000Kb used=2223Kb max_used=2223Kb free=117776Kb
 bounds [0x000002970b030000, 0x000002970b2a0000, 0x0000029712560000]
CodeHeap 'non-nmethods': size=5696Kb used=1158Kb max_used=1158Kb free=4537Kb
 bounds [0x000002970aaa0000, 0x000002970ad10000, 0x000002970b030000]
 total_blobs=1636 nmethods=1181 adapters=369
 compilation: enabled
              stopped_count=0, restarted_count=0
 full_count=0

Compilation events (20 events):
Event: 4.693 Thread 0x000002971dfd9dd0 1167       3       java.lang.Class::getMethod (59 bytes)
Event: 4.695 Thread 0x000002971dfd9dd0 nmethod 1167 0x000002970b24a290 code [0x000002970b24a540, 0x000002970b24b148]
Event: 4.695 Thread 0x000002971dfd9dd0 1168       3       java.lang.Class::getMethod0 (31 bytes)
Event: 4.696 Thread 0x000002971dfd9dd0 nmethod 1168 0x000002970b24b610 code [0x000002970b24b7c0, 0x000002970b24b9f8]
Event: 4.696 Thread 0x000002971dfd9dd0 1169       3       sun.reflect.generics.parser.SignatureParser::make (8 bytes)
Event: 4.696 Thread 0x000002971dfd9dd0 nmethod 1169 0x000002970b24bb10 code [0x000002970b24bcc0, 0x000002970b24beb8]
Event: 4.702 Thread 0x000002971dfd9dd0 1170   !   3       java.util.logging.LogManager::ensureLogManagerInitialized (144 bytes)
Event: 4.705 Thread 0x000002971dfd9dd0 nmethod 1170 0x000002970b24bf90 code [0x000002970b24c280, 0x000002970b24d458]
Event: 4.705 Thread 0x000002971dfd9dd0 1171       3       java.util.concurrent.ConcurrentHashMap::get (162 bytes)
Event: 4.707 Thread 0x000002971dfd9dd0 nmethod 1171 0x000002970b24da10 code [0x000002970b24dc60, 0x000002970b24e728]
Event: 4.709 Thread 0x000002971dfd9dd0 1172       1       java.util.logging.Level::intValue (5 bytes)
Event: 4.710 Thread 0x000002971dfd9dd0 nmethod 1172 0x00000297125b5910 code [0x00000297125b5aa0, 0x00000297125b5b78]
Event: 4.710 Thread 0x000002971dfd9dd0 1173       3       java.lang.invoke.MemberName::checkForTypeAlias (172 bytes)
Event: 4.715 Thread 0x000002971dfd9dd0 nmethod 1173 0x000002970b24ea10 code [0x000002970b24ee80, 0x000002970b250cb8]
Event: 4.727 Thread 0x000002971dfd9dd0 1174       3       jdk.internal.reflect.ReflectionFactory::getExecutableSharedParameterTypes (11 bytes)
Event: 4.727 Thread 0x000002971dfd9dd0 nmethod 1174 0x000002970b251590 code [0x000002970b251740, 0x000002970b2519a8]
Event: 4.727 Thread 0x000002971dfd9dd0 1175       3       java.lang.reflect.ReflectAccess::getExecutableSharedParameterTypes (5 bytes)
Event: 4.728 Thread 0x000002971dfd9dd0 nmethod 1175 0x000002970b251b10 code [0x000002970b251cc0, 0x000002970b251e88]
Event: 4.728 Thread 0x000002971dfd9dd0 1176       3       java.lang.reflect.Method::getRoot (5 bytes)
Event: 4.728 Thread 0x000002971dfd9dd0 nmethod 1176 0x000002970b251f90 code [0x000002970b252120, 0x000002970b252238]

GC Heap History (6 events):
Event: 1.737 GC heap before
{Heap before GC invocations=0 (full 0):
 garbage-first heap   total 65536K, used 6144K [0x00000000c1e00000, 0x0000000100000000)
  region size 1024K, 6 young (6144K), 0 survivors (0K)
 Metaspace       used 8503K, committed 8704K, reserved 1056768K
  class space    used 748K, committed 832K, reserved 1048576K
}
Event: 1.748 GC heap after
{Heap after GC invocations=1 (full 0):
 garbage-first heap   total 65536K, used 3233K [0x00000000c1e00000, 0x0000000100000000)
  region size 1024K, 1 young (1024K), 1 survivors (1024K)
 Metaspace       used 8503K, committed 8704K, reserved 1056768K
  class space    used 748K, committed 832K, reserved 1048576K
}
Event: 2.674 GC heap before
{Heap before GC invocations=1 (full 0):
 garbage-first heap   total 65536K, used 7329K [0x00000000c1e00000, 0x0000000100000000)
  region size 1024K, 5 young (5120K), 1 survivors (1024K)
 Metaspace       used 10905K, committed 11008K, reserved 1064960K
  class space    used 999K, committed 1024K, reserved 1048576K
}
Event: 2.682 GC heap after
{Heap after GC invocations=2 (full 0):
 garbage-first heap   total 65536K, used 3961K [0x00000000c1e00000, 0x0000000100000000)
  region size 1024K, 1 young (1024K), 1 survivors (1024K)
 Metaspace       used 10905K, committed 11008K, reserved 1064960K
  class space    used 999K, committed 1024K, reserved 1048576K
}
Event: 3.537 GC heap before
{Heap before GC invocations=2 (full 0):
 garbage-first heap   total 65536K, used 12153K [0x00000000c1e00000, 0x0000000100000000)
  region size 1024K, 9 young (9216K), 1 survivors (1024K)
 Metaspace       used 13955K, committed 14080K, reserved 1064960K
  class space    used 1432K, committed 1472K, reserved 1048576K
}
Event: 3.544 GC heap after
{Heap after GC invocations=3 (full 0):
 garbage-first heap   total 65536K, used 4638K [0x00000000c1e00000, 0x0000000100000000)
  region size 1024K, 2 young (2048K), 2 survivors (2048K)
 Metaspace       used 13955K, committed 14080K, reserved 1064960K
  class space    used 1432K, committed 1472K, reserved 1048576K
}

Dll operation events (6 events):
Event: 0.019 Loaded shared library C:\Program Files\eclipse\plugins\org.eclipse.justj.openjdk.hotspot.jre.full.win32.x86_64_17.0.5.v20221102-0933\jre\bin\java.dll
Event: 0.730 Loaded shared library C:\Program Files\eclipse\plugins\org.eclipse.justj.openjdk.hotspot.jre.full.win32.x86_64_17.0.5.v20221102-0933\jre\bin\net.dll
Event: 0.736 Loaded shared library C:\Program Files\eclipse\plugins\org.eclipse.justj.openjdk.hotspot.jre.full.win32.x86_64_17.0.5.v20221102-0933\jre\bin\nio.dll
Event: 0.767 Loaded shared library C:\Program Files\eclipse\plugins\org.eclipse.justj.openjdk.hotspot.jre.full.win32.x86_64_17.0.5.v20221102-0933\jre\bin\zip.dll
Event: 1.173 Loaded shared library C:\Program Files\eclipse\plugins\org.eclipse.justj.openjdk.hotspot.jre.full.win32.x86_64_17.0.5.v20221102-0933\jre\bin\jimage.dll
Event: 1.975 Loaded shared library C:\Program Files\eclipse\plugins\org.eclipse.justj.openjdk.hotspot.jre.full.win32.x86_64_17.0.5.v20221102-0933\jre\bin\verify.dll

Deoptimization events (20 events):
Event: 3.357 Thread 0x00000297073dbe00 Uncommon trap: trap_request=0xffffff45 fr.pc=0x00000297125805b4 relative=0x0000000000000294
Event: 3.357 Thread 0x00000297073dbe00 Uncommon trap: reason=unstable_if action=reinterpret pc=0x00000297125805b4 method=java.lang.String.startsWith(Ljava/lang/String;I)Z @ 14 c2
Event: 3.357 Thread 0x00000297073dbe00 DEOPT PACKING pc=0x00000297125805b4 sp=0x0000009f64afe8f0
Event: 3.357 Thread 0x00000297073dbe00 DEOPT UNPACKING pc=0x000002970aaf239e sp=0x0000009f64afe850 mode 2
Event: 3.716 Thread 0x00000297073dbe00 DEOPT PACKING pc=0x000002970b075010 sp=0x0000009f64af7870
Event: 3.716 Thread 0x00000297073dbe00 DEOPT UNPACKING pc=0x000002970aaf2b25 sp=0x0000009f64af6d78 mode 0
Event: 4.141 Thread 0x00000297073dbe00 DEOPT PACKING pc=0x000002970b075010 sp=0x0000009f64af7d70
Event: 4.141 Thread 0x00000297073dbe00 DEOPT UNPACKING pc=0x000002970aaf2b25 sp=0x0000009f64af7278 mode 0
Event: 4.373 Thread 0x00000297073dbe00 Uncommon trap: trap_request=0xffffff45 fr.pc=0x000002971258f5dc relative=0x00000000000001dc
Event: 4.373 Thread 0x00000297073dbe00 Uncommon trap: reason=unstable_if action=reinterpret pc=0x000002971258f5dc method=java.lang.StringCoding.hasNegatives([BII)Z @ 12 c2
Event: 4.373 Thread 0x00000297073dbe00 DEOPT PACKING pc=0x000002971258f5dc sp=0x0000009f64afc780
Event: 4.373 Thread 0x00000297073dbe00 DEOPT UNPACKING pc=0x000002970aaf239e sp=0x0000009f64afc728 mode 2
Event: 4.690 Thread 0x00000297073dbe00 Uncommon trap: trap_request=0xffffff45 fr.pc=0x000002971259a958 relative=0x0000000000000238
Event: 4.690 Thread 0x00000297073dbe00 Uncommon trap: reason=unstable_if action=reinterpret pc=0x000002971259a958 method=java.util.concurrent.ConcurrentHashMap.get(Ljava/lang/Object;)Ljava/lang/Object; @ 76 c2
Event: 4.690 Thread 0x00000297073dbe00 DEOPT PACKING pc=0x000002971259a958 sp=0x0000009f64afdfe0
Event: 4.691 Thread 0x00000297073dbe00 DEOPT UNPACKING pc=0x000002970aaf239e sp=0x0000009f64afdf58 mode 2
Event: 4.711 Thread 0x00000297073dbe00 DEOPT PACKING pc=0x000002970b075010 sp=0x0000009f64afd900
Event: 4.711 Thread 0x00000297073dbe00 DEOPT UNPACKING pc=0x000002970aaf2b25 sp=0x0000009f64afce08 mode 0
Event: 4.712 Thread 0x00000297073dbe00 DEOPT PACKING pc=0x000002970b242dd8 sp=0x0000009f64afa0a0
Event: 4.712 Thread 0x00000297073dbe00 DEOPT UNPACKING pc=0x000002970aaf2b25 sp=0x0000009f64af9528 mode 0

Classes unloaded (0 events):
No events

Classes redefined (0 events):
No events

Internal exceptions (5 events):
Event: 1.396 Thread 0x00000297073dbe00 Exception <a 'java/lang/NoSuchMethodError'{0x00000000c5a68ad0}: 'java.lang.Object java.lang.invoke.DirectMethodHandle$Holder.invokeStatic(java.lang.Object, java.lang.Object, int)'> (0x00000000c5a68ad0) 
thrown [s\src\hotspot\share\interpreter\linkResolver.cpp, line 759]
Event: 1.402 Thread 0x00000297073dbe00 Exception <a 'java/lang/NoSuchMethodError'{0x00000000c5a74988}: 'void java.lang.invoke.DelegatingMethodHandle$Holder.delegate(java.lang.Object, java.lang.Object, int, java.lang.Object)'> (0x00000000c5a74988) 
thrown [s\src\hotspot\share\interpreter\linkResolver.cpp, line 759]
Event: 1.404 Thread 0x00000297073dbe00 Exception <a 'java/lang/NoSuchMethodError'{0x00000000c5a78bc8}: 'int java.lang.invoke.DirectMethodHandle$Holder.invokeSpecial(java.lang.Object, java.lang.Object, java.lang.Object)'> (0x00000000c5a78bc8) 
thrown [s\src\hotspot\share\interpreter\linkResolver.cpp, line 759]
Event: 3.527 Thread 0x00000297073dbe00 Exception <a 'java/lang/NullPointerException'{0x00000000c55d6e70}> (0x00000000c55d6e70) 
thrown [s\src\hotspot\share\interpreter\linkResolver.cpp, line 1433]
Event: 4.335 Thread 0x00000297073dbe00 Exception <a 'java/lang/ClassNotFoundException'{0x00000000c5877150}: com/sun/org/apache/xerces/internal/impl/xpath/regex/spi/messageProvider> (0x00000000c5877150) 
thrown [s\src\hotspot\share\classfile\systemDictionary.cpp, line 256]

VM Operations (18 events):
Event: 0.821 Executing VM operation: HandshakeAllThreads
Event: 0.821 Executing VM operation: HandshakeAllThreads done
Event: 1.737 Executing VM operation: G1CollectForAllocation
Event: 1.748 Executing VM operation: G1CollectForAllocation done
Event: 2.674 Executing VM operation: G1CollectForAllocation
Event: 2.682 Executing VM operation: G1CollectForAllocation done
Event: 3.161 Executing VM operation: HandshakeAllThreads
Event: 3.161 Executing VM operation: HandshakeAllThreads done
Event: 3.360 Executing VM operation: HandshakeAllThreads
Event: 3.360 Executing VM operation: HandshakeAllThreads done
Event: 3.537 Executing VM operation: G1CollectForAllocation
Event: 3.544 Executing VM operation: G1CollectForAllocation done
Event: 3.602 Executing VM operation: HandshakeAllThreads
Event: 3.602 Executing VM operation: HandshakeAllThreads done
Event: 3.784 Executing VM operation: HandshakeAllThreads
Event: 3.784 Executing VM operation: HandshakeAllThreads done
Event: 4.497 Executing VM operation: HandshakeAllThreads
Event: 4.497 Executing VM operation: HandshakeAllThreads done

Events (20 events):
Event: 4.644 loading class java/lang/invoke/VarHandles
Event: 4.646 loading class java/lang/invoke/VarHandles done
Event: 4.647 loading class java/lang/invoke/VarHandles$1
Event: 4.647 loading class java/lang/invoke/VarHandles$1 done
Event: 4.647 loading class java/lang/invoke/VarHandleInts$FieldInstanceReadWrite
Event: 4.647 loading class java/lang/invoke/VarHandleInts$FieldInstanceReadOnly
Event: 4.648 loading class java/lang/invoke/VarHandleInts$FieldInstanceReadOnly done
Event: 4.648 loading class java/lang/invoke/VarHandleInts$FieldInstanceReadWrite done
Event: 4.648 loading class java/lang/invoke/VarHandle$1
Event: 4.648 loading class java/lang/invoke/VarHandle$1 done
Event: 4.648 loading class jdk/internal/util/Preconditions$1
Event: 4.648 loading class jdk/internal/util/Preconditions$1 done
Event: 4.648 loading class java/lang/invoke/VarHandleGuards
Event: 4.650 loading class java/lang/invoke/VarHandleGuards done
Event: 4.651 loading class java/lang/invoke/VarForm
Event: 4.651 loading class java/lang/invoke/VarForm done
Event: 4.689 loading class jdk/internal/vm/annotation/IntrinsicCandidate
Event: 4.690 loading class jdk/internal/vm/annotation/IntrinsicCandidate done
Event: 4.719 loading class javax/naming/Referenceable
Event: 4.719 loading class javax/naming/Referenceable done


Dynamic libraries:
0x00007ff788320000 - 0x00007ff78832e000 	C:\Program Files\eclipse\plugins\org.eclipse.justj.openjdk.hotspot.jre.full.win32.x86_64_17.0.5.v20221102-0933\jre\bin\javaw.exe
0x00007ff89bf70000 - 0x00007ff89c165000 	C:\Windows\SYSTEM32\ntdll.dll
0x00007ff89ae20000 - 0x00007ff89aedd000 	C:\Windows\System32\KERNEL32.DLL
0x00007ff8998a0000 - 0x00007ff899b68000 	C:\Windows\System32\KERNELBASE.dll
0x00007ff899f10000 - 0x00007ff89a010000 	C:\Windows\System32\ucrtbase.dll
0x00007ff888650000 - 0x00007ff888667000 	C:\Program Files\eclipse\plugins\org.eclipse.justj.openjdk.hotspot.jre.full.win32.x86_64_17.0.5.v20221102-0933\jre\bin\jli.dll
0x00007ff89bdd0000 - 0x00007ff89bf70000 	C:\Windows\System32\USER32.dll
0x00007ff899d20000 - 0x00007ff899d42000 	C:\Windows\System32\win32u.dll
0x00007ff89a810000 - 0x00007ff89a83a000 	C:\Windows\System32\GDI32.dll
0x00007ff899c10000 - 0x00007ff899d1b000 	C:\Windows\System32\gdi32full.dll
0x00007ff899b70000 - 0x00007ff899c0d000 	C:\Windows\System32\msvcp_win.dll
0x00007ff8885b0000 - 0x00007ff8885c9000 	C:\Program Files\eclipse\plugins\org.eclipse.justj.openjdk.hotspot.jre.full.win32.x86_64_17.0.5.v20221102-0933\jre\bin\VCRUNTIME140.dll
0x00007ff8877f0000 - 0x00007ff887a8a000 	C:\Windows\WinSxS\amd64_microsoft.windows.common-controls_6595b64144ccf1df_6.0.19041.844_none_ca00b6081b84eb1d\COMCTL32.dll
0x00007ff89af00000 - 0x00007ff89af9e000 	C:\Windows\System32\msvcrt.dll
0x00007ff89a900000 - 0x00007ff89a930000 	C:\Windows\System32\IMM32.DLL
0x00007ff88f7a0000 - 0x00007ff88f7ac000 	C:\Program Files\eclipse\plugins\org.eclipse.justj.openjdk.hotspot.jre.full.win32.x86_64_17.0.5.v20221102-0933\jre\bin\vcruntime140_1.dll
0x00007ff87e620000 - 0x00007ff87e6b1000 	C:\Program Files\eclipse\plugins\org.eclipse.justj.openjdk.hotspot.jre.full.win32.x86_64_17.0.5.v20221102-0933\jre\bin\msvcp140.dll
0x00007ff8678d0000 - 0x00007ff868514000 	C:\Program Files\eclipse\plugins\org.eclipse.justj.openjdk.hotspot.jre.full.win32.x86_64_17.0.5.v20221102-0933\jre\bin\server\jvm.dll
0x00007ff89a760000 - 0x00007ff89a80c000 	C:\Windows\System32\ADVAPI32.dll
0x00007ff89b000000 - 0x00007ff89b09b000 	C:\Windows\System32\sechost.dll
0x00007ff89b720000 - 0x00007ff89b84b000 	C:\Windows\System32\RPCRT4.dll
0x00007ff8940d0000 - 0x00007ff8940d9000 	C:\Windows\SYSTEM32\WSOCK32.dll
0x00007ff89b850000 - 0x00007ff89b8bb000 	C:\Windows\System32\WS2_32.dll
0x00007ff88a130000 - 0x00007ff88a157000 	C:\Windows\SYSTEM32\WINMM.dll
0x00007ff88ac90000 - 0x00007ff88ac9a000 	C:\Windows\SYSTEM32\VERSION.dll
0x00007ff897630000 - 0x00007ff897642000 	C:\Windows\SYSTEM32\kernel.appcore.dll
0x00007ff894cd0000 - 0x00007ff894cda000 	C:\Program Files\eclipse\plugins\org.eclipse.justj.openjdk.hotspot.jre.full.win32.x86_64_17.0.5.v20221102-0933\jre\bin\jimage.dll
0x00007ff889190000 - 0x00007ff889374000 	C:\Windows\SYSTEM32\DBGHELP.DLL
0x00007ff889760000 - 0x00007ff88978c000 	C:\Windows\SYSTEM32\dbgcore.DLL
0x00007ff899d50000 - 0x00007ff899dd0000 	C:\Windows\System32\bcryptPrimitives.dll
0x00007ff88ef30000 - 0x00007ff88ef55000 	C:\Program Files\eclipse\plugins\org.eclipse.justj.openjdk.hotspot.jre.full.win32.x86_64_17.0.5.v20221102-0933\jre\bin\java.dll
0x00007ff88f920000 - 0x00007ff88f938000 	C:\Program Files\eclipse\plugins\org.eclipse.justj.openjdk.hotspot.jre.full.win32.x86_64_17.0.5.v20221102-0933\jre\bin\zip.dll
0x00007ff89a010000 - 0x00007ff89a752000 	C:\Windows\System32\SHELL32.dll
0x00007ff897830000 - 0x00007ff897fc1000 	C:\Windows\SYSTEM32\windows.storage.dll
0x00007ff89b990000 - 0x00007ff89bce5000 	C:\Windows\System32\combase.dll
0x00007ff899090000 - 0x00007ff8990bc000 	C:\Windows\SYSTEM32\Wldp.dll
0x00007ff89aa20000 - 0x00007ff89aace000 	C:\Windows\System32\SHCORE.dll
0x00007ff89afa0000 - 0x00007ff89aff5000 	C:\Windows\System32\shlwapi.dll
0x00007ff899630000 - 0x00007ff89964f000 	C:\Windows\SYSTEM32\profapi.dll
0x00007ff88ee90000 - 0x00007ff88eea9000 	C:\Program Files\eclipse\plugins\org.eclipse.justj.openjdk.hotspot.jre.full.win32.x86_64_17.0.5.v20221102-0933\jre\bin\net.dll
0x00007ff88efb0000 - 0x00007ff88f0bb000 	C:\Windows\SYSTEM32\WINHTTP.dll
0x00007ff898e00000 - 0x00007ff898e6a000 	C:\Windows\system32\mswsock.dll
0x00007ff88ee70000 - 0x00007ff88ee85000 	C:\Program Files\eclipse\plugins\org.eclipse.justj.openjdk.hotspot.jre.full.win32.x86_64_17.0.5.v20221102-0933\jre\bin\nio.dll
0x00007ff894cb0000 - 0x00007ff894cc0000 	C:\Program Files\eclipse\plugins\org.eclipse.justj.openjdk.hotspot.jre.full.win32.x86_64_17.0.5.v20221102-0933\jre\bin\verify.dll

dbghelp: loaded successfully - version: 4.0.5 - missing functions: none
symbol engine: initialized successfully - sym options: 0x614 - pdb path: .;C:\Program Files\eclipse\plugins\org.eclipse.justj.openjdk.hotspot.jre.full.win32.x86_64_17.0.5.v20221102-0933\jre\bin;C:\Windows\SYSTEM32;C:\Windows\WinSxS\amd64_microsoft.windows.common-controls_6595b64144ccf1df_6.0.19041.844_none_ca00b6081b84eb1d;C:\Program Files\eclipse\plugins\org.eclipse.justj.openjdk.hotspot.jre.full.win32.x86_64_17.0.5.v20221102-0933\jre\bin\server

VM Arguments:
jvm_args: -Dfile.encoding=UTF-8 -XX:+ShowCodeDetailsInExceptionMessages 
java_command: es.pildoras.conexionHibernate.InsertaPedido
java_class_path (initial): C:\Users\yosoynax\eclipseJEE-workspace\ProyectoHibernate\bin;C:\Users\yosoynax\eclipseJEE-workspace\ProyectoHibernate\lib\antlr-2.7.7.jar;C:\Users\yosoynax\eclipseJEE-workspace\ProyectoHibernate\lib\byte-buddy-1.12.7.jar;C:\Users\yosoynax\eclipseJEE-workspace\ProyectoHibernate\lib\classmate-1.5.1.jar;C:\Users\yosoynax\eclipseJEE-workspace\ProyectoHibernate\lib\FastInfoset-1.2.15.jar;C:\Users\yosoynax\eclipseJEE-workspace\ProyectoHibernate\lib\hibernate-commons-annotations-5.1.2.Final.jar;C:\Users\yosoynax\eclipseJEE-workspace\ProyectoHibernate\lib\hibernate-core-5.6.4.Final.jar;C:\Users\yosoynax\eclipseJEE-workspace\ProyectoHibernate\lib\istack-commons-runtime-3.0.7.jar;C:\Users\yosoynax\eclipseJEE-workspace\ProyectoHibernate\lib\jandex-2.4.2.Final.jar;C:\Users\yosoynax\eclipseJEE-workspace\ProyectoHibernate\lib\javax.activation-api-1.2.0.jar;C:\Users\yosoynax\eclipseJEE-workspace\ProyectoHibernate\lib\javax.persistence-api-2.2.jar;C:\Users\yosoynax\eclipseJEE-workspace\ProyectoHibernate\lib\jaxb-api-2.3.1.jar;C:\Users\yosoynax\eclipseJEE-workspace\ProyectoHibernate\lib\txw2-2.3.1.jar;C:\Users\yosoynax\eclipseJEE-workspace\ProyectoHibernate\lib\stax-ex-1.8.jar;C:\Users\yosoynax\eclipseJEE-workspace\ProyectoHibernate\lib\jaxb-runtime-2.3.1.jar;C:\Users\yosoynax\eclipseJEE-workspace\ProyectoHibernate\lib\jboss-logging-3.4.3.Final.jar;C:\Users\yosoynax\eclipseJEE-workspace\ProyectoHibernate\lib\jboss-transaction-api_1.2_spec-1.1.1.Final.jar;C:\Users\yosoynax\eclipseJEE-workspace\ProyectoHibernate\lib\mysql-connector-java-8.0.30.jar
Launcher Type: SUN_STANDARD

[Global flags]
     intx CICompilerCount                          = 2                                         {product} {ergonomic}
     uint ConcGCThreads                            = 1                                         {product} {ergonomic}
     uint G1ConcRefinementThreads                  = 2                                         {product} {ergonomic}
   size_t G1HeapRegionSize                         = 1048576                                   {product} {ergonomic}
    uintx GCDrainStackTargetSize                   = 64                                        {product} {ergonomic}
   size_t InitialHeapSize                          = 67108864                                  {product} {ergonomic}
   size_t MarkStackSize                            = 4194304                                   {product} {ergonomic}
   size_t MaxHeapSize                              = 1042284544                                {product} {ergonomic}
   size_t MaxNewSize                               = 624951296                                 {product} {ergonomic}
   size_t MinHeapDeltaBytes                        = 1048576                                   {product} {ergonomic}
   size_t MinHeapSize                              = 8388608                                   {product} {ergonomic}
    uintx NonNMethodCodeHeapSize                   = 5826188                                {pd product} {ergonomic}
    uintx NonProfiledCodeHeapSize                  = 122916026                              {pd product} {ergonomic}
    uintx ProfiledCodeHeapSize                     = 122916026                              {pd product} {ergonomic}
    uintx ReservedCodeCacheSize                    = 251658240                              {pd product} {ergonomic}
     bool SegmentedCodeCache                       = true                                      {product} {ergonomic}
     bool ShowCodeDetailsInExceptionMessages       = true                                   {manageable} {command line}
   size_t SoftMaxHeapSize                          = 1042284544                             {manageable} {ergonomic}
     bool UseCompressedClassPointers               = true                           {product lp64_product} {ergonomic}
     bool UseCompressedOops                        = true                           {product lp64_product} {ergonomic}
     bool UseG1GC                                  = true                                      {product} {ergonomic}
     bool UseLargePagesIndividualAllocation        = false                                  {pd product} {ergonomic}

Logging:
Log output configuration:
 #0: stdout all=warning uptime,level,tags
 #1: stderr all=off uptime,level,tags

Environment Variables:
JAVA_HOME=C:\Program Files\Java\jdk-17.0.1
PATH=C:/Program Files/eclipse//plugins/org.eclipse.justj.openjdk.hotspot.jre.full.win32.x86_64_17.0.5.v20221102-0933/jre/bin/server;C:/Program Files/eclipse//plugins/org.eclipse.justj.openjdk.hotspot.jre.full.win32.x86_64_17.0.5.v20221102-0933/jre/bin;C:\Program Files\Microsoft\jdk-11.0.12.7-hotspot\bin;C:\Python39\Scripts\;C:\Python39\;C:\Windows\system32;C:\Windows;C:\Windows\System32\Wbem;C:\Windows\System32\WindowsPowerShell\v1.0\;C:\Windows\System32\OpenSSH\;C:\Program Files\Git\cmd;C:\Program Files\Microsoft VS Code\bin;C:\ProgramData\chocolatey\bin;C:\Program Files\dotnet\;C:\Program Files\nodejs\;C:\Program Files\Inkscape\bin;C:\Program Files\Java\jdk-17.0.1\bin;C:\Program Files\PuTTY\;C:\Program Files\Microsoft SQL Server\150\Tools\Binn\;C:\Program Files\Microsoft SQL Server\Client SDK\ODBC\170\Tools\Binn\;C:\Program Files\PowerShell\7\;C:\Users\yosoynax\AppData\Local\Microsoft\WindowsApps;C:\Users\yosoynax\.dotnet\tools;C:\Users\yosoynax\AppData\Roaming\npm;C:\Users\yosoynax\AppData\Local\Programs\oh-my-posh\bin;C:\Users\yosoynax\AppData\Local\Programs\oh-my-posh\themes;C:\Program Files (x86)\GitHub CLI\;C:\Program Files\eclipse;
USERNAME=yosoynax
OS=Windows_NT
PROCESSOR_IDENTIFIER=Intel64 Family 6 Model 55 Stepping 3, GenuineIntel
TMP=C:\Users\yosoynax\AppData\Local\Temp
TEMP=C:\Users\yosoynax\AppData\Local\Temp



---------------  S Y S T E M  ---------------

OS:
 Windows 10 , 64 bit Build 19041 (10.0.19041.928)
OS uptime: 0 days 7:26 hours

CPU: total 2 (initial active 2) (2 cores per cpu, 1 threads per core) family 6 model 55 stepping 3 microcode 0x320, cx8, cmov, fxsr, mmx, 3dnowpref, sse, sse2, sse3, ssse3, sse4.1, sse4.2, popcnt, tsc, tscinvbit, erms, clmul, clflush

Memory: 4k page, system-wide physical 3973M (171M free)
TotalPageFile size 3973M (AvailPageFile size 3M)
current process WorkingSet (physical memory assigned to process): 84M, peak: 84M
current process commit charge ("private bytes"): 162M, peak: 162M

vm_info: OpenJDK 64-Bit Server VM (17.0.5+8) for windows-amd64 JRE (17.0.5+8), built on Oct 19 2022 04:48:13 by "temurin" with MS VC++ 16.7 (VS2019)

END.
