#
# There is insufficient memory for the Java Runtime Environment to continue.
# Native memory allocation (malloc) failed to allocate 32744 bytes for ChunkPool::allocate
# Possible reasons:
#   The system is out of physical RAM or swap space
#   The process is running with CompressedOops enabled, and the Java Heap may be blocking the growth of the native heap
# Possible solutions:
#   Reduce memory load on the system
#   Increase physical memory or swap space
#   Check if swap backing store is full
#   Decrease Java heap size (-Xmx/-Xms)
#   Decrease number of Java threads
#   Decrease Java thread stack sizes (-Xss)
#   Set larger code cache with -XX:ReservedCodeCacheSize=
#   JVM is running with Unscaled Compressed Oops mode in which the Java heap is
#     placed in the first 4GB address space. The Java Heap base address is the
#     maximum limit for the native heap growth. Please use -XX:HeapBaseMinAddress
#     to set the Java Heap base and to place the Java Heap above 4GB virtual address.
# This output file may be truncated or incomplete.
#
#  Out of Memory Error (arena.cpp:78), pid=4736, tid=2096
#
# JRE version: OpenJDK Runtime Environment Temurin-17.0.5+8 (17.0.5+8) (build 17.0.5+8)
# Java VM: OpenJDK 64-Bit Server VM Temurin-17.0.5+8 (17.0.5+8, mixed mode, tiered, compressed oops, compressed class ptrs, g1 gc, windows-amd64)
# No core dump will be written. Minidumps are not enabled by default on client versions of Windows
#

---------------  S U M M A R Y ------------

Command Line: -Dfile.encoding=UTF-8 -XX:+ShowCodeDetailsInExceptionMessages es.pildoras.conexionHibernate.InsertaCliente

Host: Intel(R) Celeron(R) CPU  N2806  @ 1.60GHz, 2 cores, 3G,  Windows 10 , 64 bit Build 19041 (10.0.19041.928)
Time: Sat Jan 28 18:35:26 2023 Hora estándar de Argentina elapsed time: 4.210905 seconds (0d 0h 0m 4s)

---------------  T H R E A D  ---------------

Current thread (0x000002292c579ca0):  JavaThread "C2 CompilerThread0" daemon [_thread_in_native, id=2096, stack(0x000000b852600000,0x000000b852700000)]


Current CompileTask:
C2:   4211 1033       4       jdk.internal.org.objectweb.asm.Frame::execute (2305 bytes)

Stack: [0x000000b852600000,0x000000b852700000]
Native frames: (J=compiled Java code, j=interpreted, Vv=VM code, C=native code)
V  [jvm.dll+0x676b3a]
V  [jvm.dll+0x831444]
V  [jvm.dll+0x832bee]
V  [jvm.dll+0x833253]
V  [jvm.dll+0x244ce5]
V  [jvm.dll+0xabdcc]
V  [jvm.dll+0xac17c]
V  [jvm.dll+0x11d778]
V  [jvm.dll+0x69fe0b]
V  [jvm.dll+0x1bb564]
V  [jvm.dll+0x217ca9]
V  [jvm.dll+0x216f71]
V  [jvm.dll+0x1a343d]
V  [jvm.dll+0x22698a]
V  [jvm.dll+0x224ac5]
V  [jvm.dll+0x7e727b]
V  [jvm.dll+0x7e17ea]
V  [jvm.dll+0x6759e5]
C  [ucrtbase.dll+0x21bb2]
C  [KERNEL32.DLL+0x17034]
C  [ntdll.dll+0x52651]


---------------  P R O C E S S  ---------------

Threads class SMR info:
_java_thread_list=0x000002292d0f2350, length=12, elements={
0x00000229159bbe90, 0x000002292c52dcd0, 0x000002292c52f450, 0x000002292c575290,
0x000002292c577c60, 0x000002292c578610, 0x000002292c578fc0, 0x000002292c579ca0,
0x000002292d018460, 0x000002292c5ce4c0, 0x000002292d116b20, 0x000002292d127f30
}

Java Threads: ( => current thread )
  0x00000229159bbe90 JavaThread "main" [_thread_in_vm, id=5196, stack(0x000000b851900000,0x000000b851a00000)]
  0x000002292c52dcd0 JavaThread "Reference Handler" daemon [_thread_blocked, id=3468, stack(0x000000b852000000,0x000000b852100000)]
  0x000002292c52f450 JavaThread "Finalizer" daemon [_thread_blocked, id=3460, stack(0x000000b852100000,0x000000b852200000)]
  0x000002292c575290 JavaThread "Signal Dispatcher" daemon [_thread_blocked, id=3148, stack(0x000000b852200000,0x000000b852300000)]
  0x000002292c577c60 JavaThread "Attach Listener" daemon [_thread_blocked, id=780, stack(0x000000b852300000,0x000000b852400000)]
  0x000002292c578610 JavaThread "Service Thread" daemon [_thread_blocked, id=3756, stack(0x000000b852400000,0x000000b852500000)]
  0x000002292c578fc0 JavaThread "Monitor Deflation Thread" daemon [_thread_blocked, id=4572, stack(0x000000b852500000,0x000000b852600000)]
=>0x000002292c579ca0 JavaThread "C2 CompilerThread0" daemon [_thread_in_native, id=2096, stack(0x000000b852600000,0x000000b852700000)]
  0x000002292d018460 JavaThread "C1 CompilerThread0" daemon [_thread_blocked, id=4904, stack(0x000000b852700000,0x000000b852800000)]
  0x000002292c5ce4c0 JavaThread "Sweeper thread" daemon [_thread_blocked, id=3124, stack(0x000000b852800000,0x000000b852900000)]
  0x000002292d116b20 JavaThread "Notification Thread" daemon [_thread_blocked, id=1944, stack(0x000000b852900000,0x000000b852a00000)]
  0x000002292d127f30 JavaThread "Common-Cleaner" daemon [_thread_blocked, id=4704, stack(0x000000b852b00000,0x000000b852c00000)]

Other Threads:
  0x000002292c52c630 VMThread "VM Thread" [stack: 0x000000b851f00000,0x000000b852000000] [id=3632]
  0x000002292d119410 WatcherThread [stack: 0x000000b852a00000,0x000000b852b00000] [id=3996]
  0x00000229159f76c0 GCTaskThread "GC Thread#0" [stack: 0x000000b851a00000,0x000000b851b00000] [id=416]
  0x000002292d512e00 GCTaskThread "GC Thread#1" [stack: 0x000000b852c00000,0x000000b852d00000] [id=5048]
  0x0000022915a00240 ConcurrentGCThread "G1 Main Marker" [stack: 0x000000b851b00000,0x000000b851c00000] [id=2360]
  0x0000022915a01530 ConcurrentGCThread "G1 Conc#0" [stack: 0x000000b851c00000,0x000000b851d00000] [id=5672]
  0x0000022915a46250 ConcurrentGCThread "G1 Refine#0" [stack: 0x000000b851d00000,0x000000b851e00000] [id=5224]
  0x0000022915a46c70 ConcurrentGCThread "G1 Service" [stack: 0x000000b851e00000,0x000000b851f00000] [id=500]

Threads with active compile tasks:
C2 CompilerThread0     4293 1033       4       jdk.internal.org.objectweb.asm.Frame::execute (2305 bytes)

VM state: not at safepoint (normal execution)

VM Mutex/Monitor currently owned by a thread: None

Heap address: 0x00000000c1e00000, size: 994 MB, Compressed Oops mode: 32-bit

CDS archive(s) not mapped
Compressed class space mapped at: 0x0000000100000000-0x0000000140000000, reserved size: 1073741824
Narrow klass base: 0x0000000000000000, Narrow klass shift: 3, Narrow klass range: 0x140000000

GC Precious Log:
 CPUs: 2 total, 2 available
 Memory: 3973M
 Large Page Support: Disabled
 NUMA Support: Disabled
 Compressed Oops: Enabled (32-bit)
 Heap Region Size: 1M
 Heap Min Capacity: 8M
 Heap Initial Capacity: 64M
 Heap Max Capacity: 994M
 Pre-touch: Disabled
 Parallel Workers: 2
 Concurrent Workers: 1
 Concurrent Refinement Workers: 2
 Periodic GC: Disabled

Heap:
 garbage-first heap   total 65536K, used 12778K [0x00000000c1e00000, 0x0000000100000000)
  region size 1024K, 11 young (11264K), 2 survivors (2048K)
 Metaspace       used 18657K, committed 18816K, reserved 1073152K
  class space    used 2046K, committed 2112K, reserved 1048576K

Heap Regions: E=young(eden), S=young(survivor), O=old, HS=humongous(starts), HC=humongous(continues), CS=collection set, F=free, OA=open archive, CA=closed archive, TAMS=top-at-mark-start (previous, next)
|   0|0x00000000c1e00000, 0x00000000c1f00000, 0x00000000c1f00000|100%|HS|  |TAMS 0x00000000c1e00000, 0x00000000c1e00000| Complete 
|   1|0x00000000c1f00000, 0x00000000c2000000, 0x00000000c2000000|100%| O|  |TAMS 0x00000000c1f00000, 0x00000000c1f00000| Untracked 
|   2|0x00000000c2000000, 0x00000000c2100000, 0x00000000c2100000|100%| O|  |TAMS 0x00000000c2000000, 0x00000000c2000000| Untracked 
|   3|0x00000000c2100000, 0x00000000c2100000, 0x00000000c2200000|  0%| F|  |TAMS 0x00000000c2100000, 0x00000000c2100000| Untracked 
|   4|0x00000000c2200000, 0x00000000c2200000, 0x00000000c2300000|  0%| F|  |TAMS 0x00000000c2200000, 0x00000000c2200000| Untracked 
|   5|0x00000000c2300000, 0x00000000c2300000, 0x00000000c2400000|  0%| F|  |TAMS 0x00000000c2300000, 0x00000000c2300000| Untracked 
|   6|0x00000000c2400000, 0x00000000c2400000, 0x00000000c2500000|  0%| F|  |TAMS 0x00000000c2400000, 0x00000000c2400000| Untracked 
|   7|0x00000000c2500000, 0x00000000c2500000, 0x00000000c2600000|  0%| F|  |TAMS 0x00000000c2500000, 0x00000000c2500000| Untracked 
|   8|0x00000000c2600000, 0x00000000c2600000, 0x00000000c2700000|  0%| F|  |TAMS 0x00000000c2600000, 0x00000000c2600000| Untracked 
|   9|0x00000000c2700000, 0x00000000c2700000, 0x00000000c2800000|  0%| F|  |TAMS 0x00000000c2700000, 0x00000000c2700000| Untracked 
|  10|0x00000000c2800000, 0x00000000c2800000, 0x00000000c2900000|  0%| F|  |TAMS 0x00000000c2800000, 0x00000000c2800000| Untracked 
|  11|0x00000000c2900000, 0x00000000c2900000, 0x00000000c2a00000|  0%| F|  |TAMS 0x00000000c2900000, 0x00000000c2900000| Untracked 
|  12|0x00000000c2a00000, 0x00000000c2a00000, 0x00000000c2b00000|  0%| F|  |TAMS 0x00000000c2a00000, 0x00000000c2a00000| Untracked 
|  13|0x00000000c2b00000, 0x00000000c2b00000, 0x00000000c2c00000|  0%| F|  |TAMS 0x00000000c2b00000, 0x00000000c2b00000| Untracked 
|  14|0x00000000c2c00000, 0x00000000c2c00000, 0x00000000c2d00000|  0%| F|  |TAMS 0x00000000c2c00000, 0x00000000c2c00000| Untracked 
|  15|0x00000000c2d00000, 0x00000000c2d00000, 0x00000000c2e00000|  0%| F|  |TAMS 0x00000000c2d00000, 0x00000000c2d00000| Untracked 
|  16|0x00000000c2e00000, 0x00000000c2e00000, 0x00000000c2f00000|  0%| F|  |TAMS 0x00000000c2e00000, 0x00000000c2e00000| Untracked 
|  17|0x00000000c2f00000, 0x00000000c2f00000, 0x00000000c3000000|  0%| F|  |TAMS 0x00000000c2f00000, 0x00000000c2f00000| Untracked 
|  18|0x00000000c3000000, 0x00000000c3000000, 0x00000000c3100000|  0%| F|  |TAMS 0x00000000c3000000, 0x00000000c3000000| Untracked 
|  19|0x00000000c3100000, 0x00000000c3100000, 0x00000000c3200000|  0%| F|  |TAMS 0x00000000c3100000, 0x00000000c3100000| Untracked 
|  20|0x00000000c3200000, 0x00000000c3200000, 0x00000000c3300000|  0%| F|  |TAMS 0x00000000c3200000, 0x00000000c3200000| Untracked 
|  21|0x00000000c3300000, 0x00000000c3300000, 0x00000000c3400000|  0%| F|  |TAMS 0x00000000c3300000, 0x00000000c3300000| Untracked 
|  22|0x00000000c3400000, 0x00000000c3400000, 0x00000000c3500000|  0%| F|  |TAMS 0x00000000c3400000, 0x00000000c3400000| Untracked 
|  23|0x00000000c3500000, 0x00000000c3500000, 0x00000000c3600000|  0%| F|  |TAMS 0x00000000c3500000, 0x00000000c3500000| Untracked 
|  24|0x00000000c3600000, 0x00000000c3600000, 0x00000000c3700000|  0%| F|  |TAMS 0x00000000c3600000, 0x00000000c3600000| Untracked 
|  25|0x00000000c3700000, 0x00000000c3700000, 0x00000000c3800000|  0%| F|  |TAMS 0x00000000c3700000, 0x00000000c3700000| Untracked 
|  26|0x00000000c3800000, 0x00000000c3800000, 0x00000000c3900000|  0%| F|  |TAMS 0x00000000c3800000, 0x00000000c3800000| Untracked 
|  27|0x00000000c3900000, 0x00000000c3900000, 0x00000000c3a00000|  0%| F|  |TAMS 0x00000000c3900000, 0x00000000c3900000| Untracked 
|  28|0x00000000c3a00000, 0x00000000c3a00000, 0x00000000c3b00000|  0%| F|  |TAMS 0x00000000c3a00000, 0x00000000c3a00000| Untracked 
|  29|0x00000000c3b00000, 0x00000000c3b00000, 0x00000000c3c00000|  0%| F|  |TAMS 0x00000000c3b00000, 0x00000000c3b00000| Untracked 
|  30|0x00000000c3c00000, 0x00000000c3c00000, 0x00000000c3d00000|  0%| F|  |TAMS 0x00000000c3c00000, 0x00000000c3c00000| Untracked 
|  31|0x00000000c3d00000, 0x00000000c3d00000, 0x00000000c3e00000|  0%| F|  |TAMS 0x00000000c3d00000, 0x00000000c3d00000| Untracked 
|  32|0x00000000c3e00000, 0x00000000c3e00000, 0x00000000c3f00000|  0%| F|  |TAMS 0x00000000c3e00000, 0x00000000c3e00000| Untracked 
|  33|0x00000000c3f00000, 0x00000000c3f00000, 0x00000000c4000000|  0%| F|  |TAMS 0x00000000c3f00000, 0x00000000c3f00000| Untracked 
|  34|0x00000000c4000000, 0x00000000c4000000, 0x00000000c4100000|  0%| F|  |TAMS 0x00000000c4000000, 0x00000000c4000000| Untracked 
|  35|0x00000000c4100000, 0x00000000c4100000, 0x00000000c4200000|  0%| F|  |TAMS 0x00000000c4100000, 0x00000000c4100000| Untracked 
|  36|0x00000000c4200000, 0x00000000c4200000, 0x00000000c4300000|  0%| F|  |TAMS 0x00000000c4200000, 0x00000000c4200000| Untracked 
|  37|0x00000000c4300000, 0x00000000c4300000, 0x00000000c4400000|  0%| F|  |TAMS 0x00000000c4300000, 0x00000000c4300000| Untracked 
|  38|0x00000000c4400000, 0x00000000c4400000, 0x00000000c4500000|  0%| F|  |TAMS 0x00000000c4400000, 0x00000000c4400000| Untracked 
|  39|0x00000000c4500000, 0x00000000c4500000, 0x00000000c4600000|  0%| F|  |TAMS 0x00000000c4500000, 0x00000000c4500000| Untracked 
|  40|0x00000000c4600000, 0x00000000c4600000, 0x00000000c4700000|  0%| F|  |TAMS 0x00000000c4600000, 0x00000000c4600000| Untracked 
|  41|0x00000000c4700000, 0x00000000c4700000, 0x00000000c4800000|  0%| F|  |TAMS 0x00000000c4700000, 0x00000000c4700000| Untracked 
|  42|0x00000000c4800000, 0x00000000c4800000, 0x00000000c4900000|  0%| F|  |TAMS 0x00000000c4800000, 0x00000000c4800000| Untracked 
|  43|0x00000000c4900000, 0x00000000c4900000, 0x00000000c4a00000|  0%| F|  |TAMS 0x00000000c4900000, 0x00000000c4900000| Untracked 
|  44|0x00000000c4a00000, 0x00000000c4a00000, 0x00000000c4b00000|  0%| F|  |TAMS 0x00000000c4a00000, 0x00000000c4a00000| Untracked 
|  45|0x00000000c4b00000, 0x00000000c4b00000, 0x00000000c4c00000|  0%| F|  |TAMS 0x00000000c4b00000, 0x00000000c4b00000| Untracked 
|  46|0x00000000c4c00000, 0x00000000c4c00000, 0x00000000c4d00000|  0%| F|  |TAMS 0x00000000c4c00000, 0x00000000c4c00000| Untracked 
|  47|0x00000000c4d00000, 0x00000000c4d00000, 0x00000000c4e00000|  0%| F|  |TAMS 0x00000000c4d00000, 0x00000000c4d00000| Untracked 
|  48|0x00000000c4e00000, 0x00000000c4e00000, 0x00000000c4f00000|  0%| F|  |TAMS 0x00000000c4e00000, 0x00000000c4e00000| Untracked 
|  49|0x00000000c4f00000, 0x00000000c4f00000, 0x00000000c5000000|  0%| F|  |TAMS 0x00000000c4f00000, 0x00000000c4f00000| Untracked 
|  50|0x00000000c5000000, 0x00000000c5000000, 0x00000000c5100000|  0%| F|  |TAMS 0x00000000c5000000, 0x00000000c5000000| Untracked 
|  51|0x00000000c5100000, 0x00000000c5100000, 0x00000000c5200000|  0%| F|  |TAMS 0x00000000c5100000, 0x00000000c5100000| Untracked 
|  52|0x00000000c5200000, 0x00000000c5200000, 0x00000000c5300000|  0%| F|  |TAMS 0x00000000c5200000, 0x00000000c5200000| Untracked 
|  53|0x00000000c5300000, 0x00000000c537aa18, 0x00000000c5400000| 47%| S|CS|TAMS 0x00000000c5300000, 0x00000000c5300000| Complete 
|  54|0x00000000c5400000, 0x00000000c5500000, 0x00000000c5500000|100%| S|CS|TAMS 0x00000000c5400000, 0x00000000c5400000| Complete 
|  55|0x00000000c5500000, 0x00000000c5580800, 0x00000000c5600000| 50%| E|  |TAMS 0x00000000c5500000, 0x00000000c5500000| Complete 
|  56|0x00000000c5600000, 0x00000000c5700000, 0x00000000c5700000|100%| E|CS|TAMS 0x00000000c5600000, 0x00000000c5600000| Complete 
|  57|0x00000000c5700000, 0x00000000c5800000, 0x00000000c5800000|100%| E|CS|TAMS 0x00000000c5700000, 0x00000000c5700000| Complete 
|  58|0x00000000c5800000, 0x00000000c5900000, 0x00000000c5900000|100%| E|CS|TAMS 0x00000000c5800000, 0x00000000c5800000| Complete 
|  59|0x00000000c5900000, 0x00000000c5a00000, 0x00000000c5a00000|100%| E|CS|TAMS 0x00000000c5900000, 0x00000000c5900000| Complete 
|  60|0x00000000c5a00000, 0x00000000c5b00000, 0x00000000c5b00000|100%| E|CS|TAMS 0x00000000c5a00000, 0x00000000c5a00000| Complete 
|  61|0x00000000c5b00000, 0x00000000c5c00000, 0x00000000c5c00000|100%| E|CS|TAMS 0x00000000c5b00000, 0x00000000c5b00000| Complete 
|  62|0x00000000c5c00000, 0x00000000c5d00000, 0x00000000c5d00000|100%| E|CS|TAMS 0x00000000c5c00000, 0x00000000c5c00000| Complete 
|  63|0x00000000c5d00000, 0x00000000c5e00000, 0x00000000c5e00000|100%| E|CS|TAMS 0x00000000c5d00000, 0x00000000c5d00000| Complete 

Card table byte_map: [0x0000022915790000,0x0000022915990000] _byte_map_base: 0x0000022915181000

Marking Bits (Prev, Next): (CMBitMap*) 0x00000229159f7cd0, (CMBitMap*) 0x00000229159f7d10
 Prev Bits: [0x0000022928280000, 0x0000022929208000)
 Next Bits: [0x0000022929210000, 0x000002292a198000)

Polling page: 0x0000022913930000

Metaspace:

Usage:
  Non-class:     16.22 MB used.
      Class:      2.00 MB used.
       Both:     18.22 MB used.

Virtual space:
  Non-class space:       24.00 MB reserved,      16.31 MB ( 68%) committed,  3 nodes.
      Class space:        1.00 GB reserved,       2.06 MB ( <1%) committed,  1 nodes.
             Both:        1.02 GB reserved,      18.38 MB (  2%) committed. 

Chunk freelists:
   Non-Class:  3.70 MB
       Class:  1.95 MB
        Both:  5.66 MB

MaxMetaspaceSize: unlimited
CompressedClassSpaceSize: 1.00 GB
Initial GC threshold: 21.00 MB
Current GC threshold: 21.00 MB
CDS: off
MetaspaceReclaimPolicy: balanced
 - commit_granule_bytes: 65536.
 - commit_granule_words: 8192.
 - virtual_space_node_default_size: 1048576.
 - enlarge_chunks_in_place: 1.
 - new_chunks_are_fully_committed: 0.
 - uncommit_free_chunks: 1.
 - use_allocation_guard: 0.
 - handle_deallocations: 1.


Internal statistics:

num_allocs_failed_limit: 0.
num_arena_births: 92.
num_arena_deaths: 0.
num_vsnodes_births: 4.
num_vsnodes_deaths: 0.
num_space_committed: 294.
num_space_uncommitted: 0.
num_chunks_returned_to_freelist: 0.
num_chunks_taken_from_freelist: 347.
num_chunk_merges: 0.
num_chunk_splits: 232.
num_chunks_enlarged: 179.
num_purges: 0.
num_inconsistent_stats: 0.

CodeHeap 'non-profiled nmethods': size=120064Kb used=346Kb max_used=346Kb free=119717Kb
 bounds [0x0000022920b40000, 0x0000022920db0000, 0x0000022928080000]
CodeHeap 'profiled nmethods': size=120000Kb used=2205Kb max_used=2205Kb free=117794Kb
 bounds [0x0000022919610000, 0x0000022919880000, 0x0000022920b40000]
CodeHeap 'non-nmethods': size=5696Kb used=1158Kb max_used=1158Kb free=4537Kb
 bounds [0x0000022919080000, 0x00000229192f0000, 0x0000022919610000]
 total_blobs=1647 nmethods=1192 adapters=369
 compilation: enabled
              stopped_count=0, restarted_count=0
 full_count=0

Compilation events (20 events):
Event: 4.075 Thread 0x000002292d018460 1182       3       sun.reflect.generics.factory.CoreReflectionFactory::make (10 bytes)
Event: 4.075 Thread 0x000002292d018460 nmethod 1182 0x000002291982f190 code [0x000002291982f340, 0x000002291982f5f8]
Event: 4.087 Thread 0x000002292d018460 1183   !   3       java.util.logging.LogManager::ensureLogManagerInitialized (144 bytes)
Event: 4.089 Thread 0x000002292d018460 nmethod 1183 0x000002291982f710 code [0x000002291982fa00, 0x0000022919830bd8]
Event: 4.092 Thread 0x000002292d018460 1184       3       java.util.concurrent.ConcurrentHashMap::get (162 bytes)
Event: 4.094 Thread 0x000002292d018460 nmethod 1184 0x0000022919831190 code [0x00000229198313e0, 0x0000022919831ea8]
Event: 4.099 Thread 0x000002292d018460 1185       1       java.util.logging.Level::intValue (5 bytes)
Event: 4.099 Thread 0x000002292d018460 nmethod 1185 0x0000022920b95b90 code [0x0000022920b95d20, 0x0000022920b95df8]
Event: 4.101 Thread 0x000002292d018460 1186       3       java.lang.invoke.MemberName::checkForTypeAlias (172 bytes)
Event: 4.106 Thread 0x000002292d018460 nmethod 1186 0x0000022919832190 code [0x0000022919832600, 0x0000022919834438]
Event: 4.127 Thread 0x000002292d018460 1187       3       jdk.internal.reflect.ReflectionFactory::getExecutableSharedParameterTypes (11 bytes)
Event: 4.128 Thread 0x000002292d018460 nmethod 1187 0x0000022919834d10 code [0x0000022919834ec0, 0x0000022919835128]
Event: 4.128 Thread 0x000002292d018460 1188       3       java.lang.reflect.ReflectAccess::getExecutableSharedParameterTypes (5 bytes)
Event: 4.129 Thread 0x000002292d018460 nmethod 1188 0x0000022919835290 code [0x0000022919835440, 0x0000022919835608]
Event: 4.129 Thread 0x000002292d018460 1189       3       java.lang.reflect.Method::getRoot (5 bytes)
Event: 4.130 Thread 0x000002292d018460 nmethod 1189 0x0000022919835710 code [0x00000229198358a0, 0x00000229198359b8]
Event: 4.149 Thread 0x000002292d018460 1191       3       java.util.HashMap::tableSizeFor (32 bytes)
Event: 4.150 Thread 0x000002292d018460 nmethod 1191 0x0000022919835a90 code [0x0000022919835c40, 0x0000022919835e68]
Event: 4.195 Thread 0x000002292d018460 1192       3       java.util.Arrays::copyOf (10 bytes)
Event: 4.195 Thread 0x000002292d018460 nmethod 1192 0x0000022919835f10 code [0x00000229198360c0, 0x0000022919836208]

GC Heap History (6 events):
Event: 1.341 GC heap before
{Heap before GC invocations=0 (full 0):
 garbage-first heap   total 65536K, used 6144K [0x00000000c1e00000, 0x0000000100000000)
  region size 1024K, 6 young (6144K), 0 survivors (0K)
 Metaspace       used 8498K, committed 8640K, reserved 1056768K
  class space    used 748K, committed 832K, reserved 1048576K
}
Event: 1.352 GC heap after
{Heap after GC invocations=1 (full 0):
 garbage-first heap   total 65536K, used 3239K [0x00000000c1e00000, 0x0000000100000000)
  region size 1024K, 1 young (1024K), 1 survivors (1024K)
 Metaspace       used 8498K, committed 8640K, reserved 1056768K
  class space    used 748K, committed 832K, reserved 1048576K
}
Event: 2.105 GC heap before
{Heap before GC invocations=1 (full 0):
 garbage-first heap   total 65536K, used 7335K [0x00000000c1e00000, 0x0000000100000000)
  region size 1024K, 5 young (5120K), 1 survivors (1024K)
 Metaspace       used 10899K, committed 11008K, reserved 1064960K
  class space    used 999K, committed 1024K, reserved 1048576K
}
Event: 2.112 GC heap after
{Heap after GC invocations=2 (full 0):
 garbage-first heap   total 65536K, used 3968K [0x00000000c1e00000, 0x0000000100000000)
  region size 1024K, 1 young (1024K), 1 survivors (1024K)
 Metaspace       used 10899K, committed 11008K, reserved 1064960K
  class space    used 999K, committed 1024K, reserved 1048576K
}
Event: 2.938 GC heap before
{Heap before GC invocations=2 (full 0):
 garbage-first heap   total 65536K, used 12160K [0x00000000c1e00000, 0x0000000100000000)
  region size 1024K, 9 young (9216K), 1 survivors (1024K)
 Metaspace       used 13954K, committed 14080K, reserved 1064960K
  class space    used 1432K, committed 1472K, reserved 1048576K
}
Event: 2.946 GC heap after
{Heap after GC invocations=3 (full 0):
 garbage-first heap   total 65536K, used 4586K [0x00000000c1e00000, 0x0000000100000000)
  region size 1024K, 2 young (2048K), 2 survivors (2048K)
 Metaspace       used 13954K, committed 14080K, reserved 1064960K
  class space    used 1432K, committed 1472K, reserved 1048576K
}

Dll operation events (6 events):
Event: 0.017 Loaded shared library C:\Program Files\eclipse\plugins\org.eclipse.justj.openjdk.hotspot.jre.full.win32.x86_64_17.0.5.v20221102-0933\jre\bin\java.dll
Event: 0.586 Loaded shared library C:\Program Files\eclipse\plugins\org.eclipse.justj.openjdk.hotspot.jre.full.win32.x86_64_17.0.5.v20221102-0933\jre\bin\net.dll
Event: 0.590 Loaded shared library C:\Program Files\eclipse\plugins\org.eclipse.justj.openjdk.hotspot.jre.full.win32.x86_64_17.0.5.v20221102-0933\jre\bin\nio.dll
Event: 0.612 Loaded shared library C:\Program Files\eclipse\plugins\org.eclipse.justj.openjdk.hotspot.jre.full.win32.x86_64_17.0.5.v20221102-0933\jre\bin\zip.dll
Event: 0.817 Loaded shared library C:\Program Files\eclipse\plugins\org.eclipse.justj.openjdk.hotspot.jre.full.win32.x86_64_17.0.5.v20221102-0933\jre\bin\jimage.dll
Event: 1.573 Loaded shared library C:\Program Files\eclipse\plugins\org.eclipse.justj.openjdk.hotspot.jre.full.win32.x86_64_17.0.5.v20221102-0933\jre\bin\verify.dll

Deoptimization events (20 events):
Event: 2.758 Thread 0x00000229159bbe90 Uncommon trap: trap_request=0xffffff45 fr.pc=0x0000022920b79224 relative=0x0000000000000204
Event: 2.758 Thread 0x00000229159bbe90 Uncommon trap: reason=unstable_if action=reinterpret pc=0x0000022920b79224 method=java.lang.String.startsWith(Ljava/lang/String;I)Z @ 14 c2
Event: 2.758 Thread 0x00000229159bbe90 DEOPT PACKING pc=0x0000022920b79224 sp=0x000000b8519fec20
Event: 2.758 Thread 0x00000229159bbe90 DEOPT UNPACKING pc=0x00000229190d239e sp=0x000000b8519feb28 mode 2
Event: 2.758 Thread 0x00000229159bbe90 Uncommon trap: trap_request=0xffffff45 fr.pc=0x0000022920b5f4a8 relative=0x0000000000000288
Event: 2.758 Thread 0x00000229159bbe90 Uncommon trap: reason=unstable_if action=reinterpret pc=0x0000022920b5f4a8 method=java.lang.String.startsWith(Ljava/lang/String;I)Z @ 14 c2
Event: 2.758 Thread 0x00000229159bbe90 DEOPT PACKING pc=0x0000022920b5f4a8 sp=0x000000b8519febb0
Event: 2.759 Thread 0x00000229159bbe90 DEOPT UNPACKING pc=0x00000229190d239e sp=0x000000b8519feb28 mode 2
Event: 3.132 Thread 0x00000229159bbe90 DEOPT PACKING pc=0x000002291967c210 sp=0x000000b8519f9950
Event: 3.132 Thread 0x00000229159bbe90 DEOPT UNPACKING pc=0x00000229190d2b25 sp=0x000000b8519f8e58 mode 0
Event: 3.760 Thread 0x00000229159bbe90 Uncommon trap: trap_request=0xffffff45 fr.pc=0x0000022920b6e45c relative=0x00000000000001dc
Event: 3.760 Thread 0x00000229159bbe90 Uncommon trap: reason=unstable_if action=reinterpret pc=0x0000022920b6e45c method=java.lang.StringCoding.hasNegatives([BII)Z @ 12 c2
Event: 3.760 Thread 0x00000229159bbe90 DEOPT PACKING pc=0x0000022920b6e45c sp=0x000000b8519fca70
Event: 3.760 Thread 0x00000229159bbe90 DEOPT UNPACKING pc=0x00000229190d239e sp=0x000000b8519fca18 mode 2
Event: 4.064 Thread 0x00000229159bbe90 Uncommon trap: trap_request=0xffffff45 fr.pc=0x0000022920b7a4d8 relative=0x0000000000000238
Event: 4.064 Thread 0x00000229159bbe90 Uncommon trap: reason=unstable_if action=reinterpret pc=0x0000022920b7a4d8 method=java.util.concurrent.ConcurrentHashMap.get(Ljava/lang/Object;)Ljava/lang/Object; @ 76 c2
Event: 4.064 Thread 0x00000229159bbe90 DEOPT PACKING pc=0x0000022920b7a4d8 sp=0x000000b8519fe2d0
Event: 4.064 Thread 0x00000229159bbe90 DEOPT UNPACKING pc=0x00000229190d239e sp=0x000000b8519fe248 mode 2
Event: 4.114 Thread 0x00000229159bbe90 DEOPT PACKING pc=0x0000022919825058 sp=0x000000b8519fdc50
Event: 4.114 Thread 0x00000229159bbe90 DEOPT UNPACKING pc=0x00000229190d2b25 sp=0x000000b8519fd0d8 mode 0

Classes unloaded (0 events):
No events

Classes redefined (0 events):
No events

Internal exceptions (5 events):
Event: 1.003 Thread 0x00000229159bbe90 Exception <a 'java/lang/NoSuchMethodError'{0x00000000c5a68ad0}: 'java.lang.Object java.lang.invoke.DirectMethodHandle$Holder.invokeStatic(java.lang.Object, java.lang.Object, int)'> (0x00000000c5a68ad0) 
thrown [s\src\hotspot\share\interpreter\linkResolver.cpp, line 759]
Event: 1.009 Thread 0x00000229159bbe90 Exception <a 'java/lang/NoSuchMethodError'{0x00000000c5a74988}: 'void java.lang.invoke.DelegatingMethodHandle$Holder.delegate(java.lang.Object, java.lang.Object, int, java.lang.Object)'> (0x00000000c5a74988) 
thrown [s\src\hotspot\share\interpreter\linkResolver.cpp, line 759]
Event: 1.011 Thread 0x00000229159bbe90 Exception <a 'java/lang/NoSuchMethodError'{0x00000000c5a78bc8}: 'int java.lang.invoke.DirectMethodHandle$Holder.invokeSpecial(java.lang.Object, java.lang.Object, java.lang.Object)'> (0x00000000c5a78bc8) 
thrown [s\src\hotspot\share\interpreter\linkResolver.cpp, line 759]
Event: 2.928 Thread 0x00000229159bbe90 Exception <a 'java/lang/NullPointerException'{0x00000000c55d6c30}> (0x00000000c55d6c30) 
thrown [s\src\hotspot\share\interpreter\linkResolver.cpp, line 1433]
Event: 3.725 Thread 0x00000229159bbe90 Exception <a 'java/lang/ClassNotFoundException'{0x00000000c5877150}: com/sun/org/apache/xerces/internal/impl/xpath/regex/spi/messageProvider> (0x00000000c5877150) 
thrown [s\src\hotspot\share\classfile\systemDictionary.cpp, line 256]

VM Operations (20 events):
Event: 1.341 Executing VM operation: G1CollectForAllocation
Event: 1.352 Executing VM operation: G1CollectForAllocation done
Event: 2.105 Executing VM operation: G1CollectForAllocation
Event: 2.112 Executing VM operation: G1CollectForAllocation done
Event: 2.577 Executing VM operation: HandshakeAllThreads
Event: 2.577 Executing VM operation: HandshakeAllThreads done
Event: 2.761 Executing VM operation: HandshakeAllThreads
Event: 2.762 Executing VM operation: HandshakeAllThreads done
Event: 2.938 Executing VM operation: G1CollectForAllocation
Event: 2.946 Executing VM operation: G1CollectForAllocation done
Event: 3.003 Executing VM operation: HandshakeAllThreads
Event: 3.003 Executing VM operation: HandshakeAllThreads done
Event: 3.185 Executing VM operation: HandshakeAllThreads
Event: 3.185 Executing VM operation: HandshakeAllThreads done
Event: 3.878 Executing VM operation: HandshakeAllThreads
Event: 3.878 Executing VM operation: HandshakeAllThreads done
Event: 4.175 Executing VM operation: HandshakeAllThreads
Event: 4.175 Executing VM operation: HandshakeAllThreads done
Event: 4.175 Executing VM operation: Cleanup
Event: 4.175 Executing VM operation: Cleanup done

Events (20 events):
Event: 4.018 loading class java/lang/invoke/VarHandles
Event: 4.020 loading class java/lang/invoke/VarHandles done
Event: 4.020 loading class java/lang/invoke/VarHandles$1
Event: 4.020 loading class java/lang/invoke/VarHandles$1 done
Event: 4.021 loading class java/lang/invoke/VarHandleInts$FieldInstanceReadWrite
Event: 4.021 loading class java/lang/invoke/VarHandleInts$FieldInstanceReadOnly
Event: 4.021 loading class java/lang/invoke/VarHandleInts$FieldInstanceReadOnly done
Event: 4.021 loading class java/lang/invoke/VarHandleInts$FieldInstanceReadWrite done
Event: 4.022 loading class java/lang/invoke/VarHandle$1
Event: 4.022 loading class java/lang/invoke/VarHandle$1 done
Event: 4.022 loading class jdk/internal/util/Preconditions$1
Event: 4.022 loading class jdk/internal/util/Preconditions$1 done
Event: 4.022 loading class java/lang/invoke/VarHandleGuards
Event: 4.024 loading class java/lang/invoke/VarHandleGuards done
Event: 4.024 loading class java/lang/invoke/VarForm
Event: 4.025 loading class java/lang/invoke/VarForm done
Event: 4.062 loading class jdk/internal/vm/annotation/IntrinsicCandidate
Event: 4.062 loading class jdk/internal/vm/annotation/IntrinsicCandidate done
Event: 4.121 loading class javax/naming/Referenceable
Event: 4.121 loading class javax/naming/Referenceable done


Dynamic libraries:
0x00007ff7f0e00000 - 0x00007ff7f0e0e000 	C:\Program Files\eclipse\plugins\org.eclipse.justj.openjdk.hotspot.jre.full.win32.x86_64_17.0.5.v20221102-0933\jre\bin\javaw.exe
0x00007ff89bf70000 - 0x00007ff89c165000 	C:\Windows\SYSTEM32\ntdll.dll
0x00007ff89ae20000 - 0x00007ff89aedd000 	C:\Windows\System32\KERNEL32.DLL
0x00007ff8998a0000 - 0x00007ff899b68000 	C:\Windows\System32\KERNELBASE.dll
0x00007ff899f10000 - 0x00007ff89a010000 	C:\Windows\System32\ucrtbase.dll
0x00007ff888650000 - 0x00007ff888667000 	C:\Program Files\eclipse\plugins\org.eclipse.justj.openjdk.hotspot.jre.full.win32.x86_64_17.0.5.v20221102-0933\jre\bin\jli.dll
0x00007ff89bdd0000 - 0x00007ff89bf70000 	C:\Windows\System32\USER32.dll
0x00007ff899d20000 - 0x00007ff899d42000 	C:\Windows\System32\win32u.dll
0x00007ff89a810000 - 0x00007ff89a83a000 	C:\Windows\System32\GDI32.dll
0x00007ff899c10000 - 0x00007ff899d1b000 	C:\Windows\System32\gdi32full.dll
0x00007ff899b70000 - 0x00007ff899c0d000 	C:\Windows\System32\msvcp_win.dll
0x00007ff8885b0000 - 0x00007ff8885c9000 	C:\Program Files\eclipse\plugins\org.eclipse.justj.openjdk.hotspot.jre.full.win32.x86_64_17.0.5.v20221102-0933\jre\bin\VCRUNTIME140.dll
0x00007ff8877f0000 - 0x00007ff887a8a000 	C:\Windows\WinSxS\amd64_microsoft.windows.common-controls_6595b64144ccf1df_6.0.19041.844_none_ca00b6081b84eb1d\COMCTL32.dll
0x00007ff89af00000 - 0x00007ff89af9e000 	C:\Windows\System32\msvcrt.dll
0x00007ff89a900000 - 0x00007ff89a930000 	C:\Windows\System32\IMM32.DLL
0x00007ff88f7a0000 - 0x00007ff88f7ac000 	C:\Program Files\eclipse\plugins\org.eclipse.justj.openjdk.hotspot.jre.full.win32.x86_64_17.0.5.v20221102-0933\jre\bin\vcruntime140_1.dll
0x00007ff87e620000 - 0x00007ff87e6b1000 	C:\Program Files\eclipse\plugins\org.eclipse.justj.openjdk.hotspot.jre.full.win32.x86_64_17.0.5.v20221102-0933\jre\bin\msvcp140.dll
0x00007ff8678d0000 - 0x00007ff868514000 	C:\Program Files\eclipse\plugins\org.eclipse.justj.openjdk.hotspot.jre.full.win32.x86_64_17.0.5.v20221102-0933\jre\bin\server\jvm.dll
0x00007ff89a760000 - 0x00007ff89a80c000 	C:\Windows\System32\ADVAPI32.dll
0x00007ff89b000000 - 0x00007ff89b09b000 	C:\Windows\System32\sechost.dll
0x00007ff89b720000 - 0x00007ff89b84b000 	C:\Windows\System32\RPCRT4.dll
0x00007ff8940d0000 - 0x00007ff8940d9000 	C:\Windows\SYSTEM32\WSOCK32.dll
0x00007ff89b850000 - 0x00007ff89b8bb000 	C:\Windows\System32\WS2_32.dll
0x00007ff88a130000 - 0x00007ff88a157000 	C:\Windows\SYSTEM32\WINMM.dll
0x00007ff88ac90000 - 0x00007ff88ac9a000 	C:\Windows\SYSTEM32\VERSION.dll
0x00007ff897630000 - 0x00007ff897642000 	C:\Windows\SYSTEM32\kernel.appcore.dll
0x00007ff894cd0000 - 0x00007ff894cda000 	C:\Program Files\eclipse\plugins\org.eclipse.justj.openjdk.hotspot.jre.full.win32.x86_64_17.0.5.v20221102-0933\jre\bin\jimage.dll
0x00007ff889190000 - 0x00007ff889374000 	C:\Windows\SYSTEM32\DBGHELP.DLL
0x00007ff889760000 - 0x00007ff88978c000 	C:\Windows\SYSTEM32\dbgcore.DLL
0x00007ff899d50000 - 0x00007ff899dd0000 	C:\Windows\System32\bcryptPrimitives.dll
0x00007ff88ef30000 - 0x00007ff88ef55000 	C:\Program Files\eclipse\plugins\org.eclipse.justj.openjdk.hotspot.jre.full.win32.x86_64_17.0.5.v20221102-0933\jre\bin\java.dll
0x00007ff88f920000 - 0x00007ff88f938000 	C:\Program Files\eclipse\plugins\org.eclipse.justj.openjdk.hotspot.jre.full.win32.x86_64_17.0.5.v20221102-0933\jre\bin\zip.dll
0x00007ff89a010000 - 0x00007ff89a752000 	C:\Windows\System32\SHELL32.dll
0x00007ff897830000 - 0x00007ff897fc1000 	C:\Windows\SYSTEM32\windows.storage.dll
0x00007ff89b990000 - 0x00007ff89bce5000 	C:\Windows\System32\combase.dll
0x00007ff899090000 - 0x00007ff8990bc000 	C:\Windows\SYSTEM32\Wldp.dll
0x00007ff89aa20000 - 0x00007ff89aace000 	C:\Windows\System32\SHCORE.dll
0x00007ff89afa0000 - 0x00007ff89aff5000 	C:\Windows\System32\shlwapi.dll
0x00007ff899630000 - 0x00007ff89964f000 	C:\Windows\SYSTEM32\profapi.dll
0x00007ff88ee90000 - 0x00007ff88eea9000 	C:\Program Files\eclipse\plugins\org.eclipse.justj.openjdk.hotspot.jre.full.win32.x86_64_17.0.5.v20221102-0933\jre\bin\net.dll
0x00007ff88efb0000 - 0x00007ff88f0bb000 	C:\Windows\SYSTEM32\WINHTTP.dll
0x00007ff898e00000 - 0x00007ff898e6a000 	C:\Windows\system32\mswsock.dll
0x00007ff88ee70000 - 0x00007ff88ee85000 	C:\Program Files\eclipse\plugins\org.eclipse.justj.openjdk.hotspot.jre.full.win32.x86_64_17.0.5.v20221102-0933\jre\bin\nio.dll
0x00007ff894cb0000 - 0x00007ff894cc0000 	C:\Program Files\eclipse\plugins\org.eclipse.justj.openjdk.hotspot.jre.full.win32.x86_64_17.0.5.v20221102-0933\jre\bin\verify.dll

dbghelp: loaded successfully - version: 4.0.5 - missing functions: none
symbol engine: initialized successfully - sym options: 0x614 - pdb path: (cannot be retrieved)

VM Arguments:
jvm_args: -Dfile.encoding=UTF-8 -XX:+ShowCodeDetailsInExceptionMessages 
java_command: es.pildoras.conexionHibernate.InsertaCliente
java_class_path (initial): C:\Users\yosoynax\eclipseJEE-workspace\ProyectoHibernate\bin;C:\Users\yosoynax\eclipseJEE-workspace\ProyectoHibernate\lib\antlr-2.7.7.jar;C:\Users\yosoynax\eclipseJEE-workspace\ProyectoHibernate\lib\byte-buddy-1.12.7.jar;C:\Users\yosoynax\eclipseJEE-workspace\ProyectoHibernate\lib\classmate-1.5.1.jar;C:\Users\yosoynax\eclipseJEE-workspace\ProyectoHibernate\lib\FastInfoset-1.2.15.jar;C:\Users\yosoynax\eclipseJEE-workspace\ProyectoHibernate\lib\hibernate-commons-annotations-5.1.2.Final.jar;C:\Users\yosoynax\eclipseJEE-workspace\ProyectoHibernate\lib\hibernate-core-5.6.4.Final.jar;C:\Users\yosoynax\eclipseJEE-workspace\ProyectoHibernate\lib\istack-commons-runtime-3.0.7.jar;C:\Users\yosoynax\eclipseJEE-workspace\ProyectoHibernate\lib\jandex-2.4.2.Final.jar;C:\Users\yosoynax\eclipseJEE-workspace\ProyectoHibernate\lib\javax.activation-api-1.2.0.jar;C:\Users\yosoynax\eclipseJEE-workspace\ProyectoHibernate\lib\javax.persistence-api-2.2.jar;C:\Users\yosoynax\eclipseJEE-workspace\ProyectoHibernate\lib\jaxb-api-2.3.1.jar;C:\Users\yosoynax\eclipseJEE-workspace\ProyectoHibernate\lib\txw2-2.3.1.jar;C:\Users\yosoynax\eclipseJEE-workspace\ProyectoHibernate\lib\stax-ex-1.8.jar;C:\Users\yosoynax\eclipseJEE-workspace\ProyectoHibernate\lib\jaxb-runtime-2.3.1.jar;C:\Users\yosoynax\eclipseJEE-workspace\ProyectoHibernate\lib\jboss-logging-3.4.3.Final.jar;C:\Users\yosoynax\eclipseJEE-workspace\ProyectoHibernate\lib\jboss-transaction-api_1.2_spec-1.1.1.Final.jar;C:\Users\yosoynax\eclipseJEE-workspace\ProyectoHibernate\lib\mysql-connector-java-8.0.30.jar
Launcher Type: SUN_STANDARD

[Global flags]
     intx CICompilerCount                          = 2                                         {product} {ergonomic}
     uint ConcGCThreads                            = 1                                         {product} {ergonomic}
     uint G1ConcRefinementThreads                  = 2                                         {product} {ergonomic}
   size_t G1HeapRegionSize                         = 1048576                                   {product} {ergonomic}
    uintx GCDrainStackTargetSize                   = 64                                        {product} {ergonomic}
   size_t InitialHeapSize                          = 67108864                                  {product} {ergonomic}
   size_t MarkStackSize                            = 4194304                                   {product} {ergonomic}
   size_t MaxHeapSize                              = 1042284544                                {product} {ergonomic}
   size_t MaxNewSize                               = 624951296                                 {product} {ergonomic}
   size_t MinHeapDeltaBytes                        = 1048576                                   {product} {ergonomic}
   size_t MinHeapSize                              = 8388608                                   {product} {ergonomic}
    uintx NonNMethodCodeHeapSize                   = 5826188                                {pd product} {ergonomic}
    uintx NonProfiledCodeHeapSize                  = 122916026                              {pd product} {ergonomic}
    uintx ProfiledCodeHeapSize                     = 122916026                              {pd product} {ergonomic}
    uintx ReservedCodeCacheSize                    = 251658240                              {pd product} {ergonomic}
     bool SegmentedCodeCache                       = true                                      {product} {ergonomic}
     bool ShowCodeDetailsInExceptionMessages       = true                                   {manageable} {command line}
   size_t SoftMaxHeapSize                          = 1042284544                             {manageable} {ergonomic}
     bool UseCompressedClassPointers               = true                           {product lp64_product} {ergonomic}
     bool UseCompressedOops                        = true                           {product lp64_product} {ergonomic}
     bool UseG1GC                                  = true                                      {product} {ergonomic}
     bool UseLargePagesIndividualAllocation        = false                                  {pd product} {ergonomic}

Logging:
Log output configuration:
 #0: stdout all=warning uptime,level,tags
 #1: stderr all=off uptime,level,tags

Environment Variables:
JAVA_HOME=C:\Program Files\Java\jdk-17.0.1
PATH=C:/Program Files/eclipse//plugins/org.eclipse.justj.openjdk.hotspot.jre.full.win32.x86_64_17.0.5.v20221102-0933/jre/bin/server;C:/Program Files/eclipse//plugins/org.eclipse.justj.openjdk.hotspot.jre.full.win32.x86_64_17.0.5.v20221102-0933/jre/bin;C:\Program Files\Microsoft\jdk-11.0.12.7-hotspot\bin;C:\Python39\Scripts\;C:\Python39\;C:\Windows\system32;C:\Windows;C:\Windows\System32\Wbem;C:\Windows\System32\WindowsPowerShell\v1.0\;C:\Windows\System32\OpenSSH\;C:\Program Files\Git\cmd;C:\Program Files\Microsoft VS Code\bin;C:\ProgramData\chocolatey\bin;C:\Program Files\dotnet\;C:\Program Files\nodejs\;C:\Program Files\Inkscape\bin;C:\Program Files\Java\jdk-17.0.1\bin;C:\Program Files\PuTTY\;C:\Program Files\Microsoft SQL Server\150\Tools\Binn\;C:\Program Files\Microsoft SQL Server\Client SDK\ODBC\170\Tools\Binn\;C:\Program Files\PowerShell\7\;C:\Users\yosoynax\AppData\Local\Microsoft\WindowsApps;C:\Users\yosoynax\.dotnet\tools;C:\Users\yosoynax\AppData\Roaming\npm;C:\Users\yosoynax\AppData\Local\Programs\oh-my-posh\bin;C:\Users\yosoynax\AppData\Local\Programs\oh-my-posh\themes;C:\Program Files (x86)\GitHub CLI\;C:\Program Files\eclipse;
USERNAME=yosoynax
OS=Windows_NT
PROCESSOR_IDENTIFIER=Intel64 Family 6 Model 55 Stepping 3, GenuineIntel
TMP=C:\Users\yosoynax\AppData\Local\Temp
TEMP=C:\Users\yosoynax\AppData\Local\Temp



---------------  S Y S T E M  ---------------

OS:
 Windows 10 , 64 bit Build 19041 (10.0.19041.928)
OS uptime: 0 days 8:55 hours

CPU: total 2 (initial active 2) (2 cores per cpu, 1 threads per core) family 6 model 55 stepping 3 microcode 0x320, cx8, cmov, fxsr, mmx, 3dnowpref, sse, sse2, sse3, ssse3, sse4.1, sse4.2, popcnt, tsc, tscinvbit, erms, clmul, clflush

Memory: 4k page, system-wide physical 3973M (208M free)
TotalPageFile size 3973M (AvailPageFile size 3M)
current process WorkingSet (physical memory assigned to process): 85M, peak: 85M
current process commit charge ("private bytes"): 162M, peak: 162M

vm_info: OpenJDK 64-Bit Server VM (17.0.5+8) for windows-amd64 JRE (17.0.5+8), built on Oct 19 2022 04:48:13 by "temurin" with MS VC++ 16.7 (VS2019)

END.
